c:\projektit\c_dev\litec_engine\bin-int\debug\litec\vc142.pdb
c:\projektit\c_dev\litec_engine\bin-int\debug\litec\vc142.idb
c:\projektit\c_dev\litec_engine\bin-int\debug\litec\logger.obj
c:\projektit\c_dev\litec_engine\bin-int\debug\litec\glad.obj
c:\projektit\c_dev\litec_engine\bin-int\debug\litec\litec.obj
c:\projektit\c_dev\litec_engine\bin-int\debug\litec\windowevent.obj
c:\projektit\c_dev\litec_engine\bin-int\debug\litec\mouseevent.obj
c:\projektit\c_dev\litec_engine\bin-int\debug\litec\keyevent.obj
c:\projektit\c_dev\litec_engine\bin-int\debug\litec\eventdispatcher.obj
c:\projektit\c_dev\litec_engine\bin-int\debug\litec\event.obj
c:\projektit\c_dev\litec_engine\bin-int\debug\litec\engineevent.obj
c:\projektit\c_dev\litec_engine\bin\debug\litec.lib
c:\projektit\c_dev\litec_engine\bin\debug\litec.exp
c:\projektit\c_dev\litec_engine\bin-int\debug\litec\litec.tlog\cl.command.1.tlog
c:\projektit\c_dev\litec_engine\bin-int\debug\litec\litec.tlog\cl.read.1.tlog
c:\projektit\c_dev\litec_engine\bin-int\debug\litec\litec.tlog\cl.write.1.tlog
c:\projektit\c_dev\litec_engine\bin-int\debug\litec\litec.tlog\link.21256-cvtres.read.1.tlog
c:\projektit\c_dev\litec_engine\bin-int\debug\litec\litec.tlog\link.21256-cvtres.write.1.tlog
c:\projektit\c_dev\litec_engine\bin-int\debug\litec\litec.tlog\link.21256-rc.read.1.tlog
c:\projektit\c_dev\litec_engine\bin-int\debug\litec\litec.tlog\link.21256-rc.write.1.tlog
c:\projektit\c_dev\litec_engine\bin-int\debug\litec\litec.tlog\link.21256.read.1.tlog
c:\projektit\c_dev\litec_engine\bin-int\debug\litec\litec.tlog\link.21256.write.1.tlog
c:\projektit\c_dev\litec_engine\bin-int\debug\litec\litec.tlog\link.command.1.tlog
c:\projektit\c_dev\litec_engine\bin-int\debug\litec\litec.tlog\link.read.1.tlog
c:\projektit\c_dev\litec_engine\bin-int\debug\litec\litec.tlog\link.write.1.tlog
c:\projektit\c_dev\litec_engine\bin-int\debug\litec\litec.tlog\litec.write.1u.tlog
