[2026-04-24:14:56:30][INFO] LITEC engine is starting. Welcome!

[2026-04-24:14:56:30][INFO] LITEC Engine created new window
[2026-04-24:14:56:41][INFO] Window resized: width=799, height=600
[2026-04-24:14:56:41][INFO] Window resized: width=787, height=594
[2026-04-24:14:56:41][INFO] Window resized: width=776, height=589
[2026-04-24:14:56:41][INFO] Window resized: width=763, height=581
[2026-04-24:14:56:41][INFO] Window resized: width=753, height=577
[2026-04-24:14:56:41][INFO] Window resized: width=745, height=571
[2026-04-24:14:56:41][INFO] Window resized: width=727, height=557
[2026-04-24:14:56:42][INFO] Window resized: width=703, height=537
[2026-04-24:14:56:42][INFO] Window resized: width=678, height=518
[2026-04-24:14:56:42][INFO] Window resized: width=670, height=510
[2026-04-24:14:56:42][INFO] Window resized: width=661, height=500
[2026-04-24:14:56:42][INFO] Window resized: width=644, height=488
[2026-04-24:14:56:42][INFO] Window resized: width=624, height=466
[2026-04-24:14:56:42][INFO] Window resized: width=608, height=451
[2026-04-24:14:56:42][INFO] Window resized: width=606, height=449
[2026-04-24:14:56:42][INFO] Window resized: width=605, height=448
[2026-04-24:14:56:42][INFO] Window resized: width=606, height=448
[2026-04-24:14:56:42][INFO] Window resized: width=607, height=449
[2026-04-24:14:56:42][INFO] Window resized: width=608, height=450
[2026-04-24:14:56:44][INFO] Closing window
[2026-04-24:14:56:44][INFO] LITEC engine is shutting down. Goodbye!

[2026-04-24:15:02:05][INFO] LITEC engine is starting. Welcome!

[2026-04-24:15:02:05][INFO] LITEC Engine created new window
[2026-04-24:15:02:23][INFO] Window resized: width=797, height=599
[2026-04-24:15:02:23][INFO] Window resized: width=795, height=597
[2026-04-24:15:02:23][INFO] Window resized: width=791, height=596
[2026-04-24:15:02:23][INFO] Window resized: width=790, height=594
[2026-04-24:15:02:23][INFO] Window resized: width=787, height=593
[2026-04-24:15:02:23][INFO] Window resized: width=783, height=590
[2026-04-24:15:02:23][INFO] Window resized: width=781, height=590
[2026-04-24:15:02:23][INFO] Window resized: width=779, height=588
[2026-04-24:15:02:23][INFO] Window resized: width=777, height=587
[2026-04-24:15:02:23][INFO] Window resized: width=773, height=585
[2026-04-24:15:02:23][INFO] Window resized: width=770, height=582
[2026-04-24:15:02:23][INFO] Window resized: width=767, height=580
[2026-04-24:15:02:23][INFO] Window resized: width=763, height=577
[2026-04-24:15:02:23][INFO] Window resized: width=760, height=575
[2026-04-24:15:02:23][INFO] Window resized: width=757, height=572
[2026-04-24:15:02:23][INFO] Window resized: width=753, height=570
[2026-04-24:15:02:23][INFO] Window resized: width=750, height=568
[2026-04-24:15:02:23][INFO] Window resized: width=747, height=566
[2026-04-24:15:02:23][INFO] Window resized: width=745, height=566
[2026-04-24:15:02:23][INFO] Window resized: width=742, height=564
[2026-04-24:15:02:23][INFO] Window resized: width=739, height=561
[2026-04-24:15:02:23][INFO] Window resized: width=737, height=559
[2026-04-24:15:02:23][INFO] Window resized: width=733, height=557
[2026-04-24:15:02:23][INFO] Window resized: width=731, height=554
[2026-04-24:15:02:23][INFO] Window resized: width=729, height=551
[2026-04-24:15:02:23][INFO] Window resized: width=725, height=549
[2026-04-24:15:02:23][INFO] Window resized: width=724, height=548
[2026-04-24:15:02:23][INFO] Window resized: width=722, height=546
[2026-04-24:15:02:23][INFO] Window resized: width=719, height=544
[2026-04-24:15:02:23][INFO] Window resized: width=716, height=541
[2026-04-24:15:02:23][INFO] Window resized: width=713, height=540
[2026-04-24:15:02:23][INFO] Window resized: width=711, height=538
[2026-04-24:15:02:23][INFO] Window resized: width=709, height=537
[2026-04-24:15:02:23][INFO] Window resized: width=705, height=536
[2026-04-24:15:02:23][INFO] Window resized: width=703, height=535
[2026-04-24:15:02:23][INFO] Window resized: width=700, height=533
[2026-04-24:15:02:23][INFO] Window resized: width=698, height=532
[2026-04-24:15:02:23][INFO] Window resized: width=696, height=530
[2026-04-24:15:02:23][INFO] Window resized: width=694, height=529
[2026-04-24:15:02:23][INFO] Window resized: width=691, height=527
[2026-04-24:15:02:23][INFO] Window resized: width=688, height=526
[2026-04-24:15:02:23][INFO] Window resized: width=686, height=523
[2026-04-24:15:02:23][INFO] Window resized: width=685, height=522
[2026-04-24:15:02:23][INFO] Window resized: width=683, height=520
[2026-04-24:15:02:23][INFO] Window resized: width=681, height=520
[2026-04-24:15:02:23][INFO] Window resized: width=679, height=518
[2026-04-24:15:02:23][INFO] Window resized: width=677, height=515
[2026-04-24:15:02:23][INFO] Window resized: width=675, height=513
[2026-04-24:15:02:23][INFO] Window resized: width=673, height=511
[2026-04-24:15:02:23][INFO] Window resized: width=670, height=510
[2026-04-24:15:02:23][INFO] Window resized: width=667, height=508
[2026-04-24:15:02:23][INFO] Window resized: width=664, height=504
[2026-04-24:15:02:23][INFO] Window resized: width=663, height=502
[2026-04-24:15:02:23][INFO] Window resized: width=659, height=500
[2026-04-24:15:02:23][INFO] Window resized: width=657, height=498
[2026-04-24:15:02:23][INFO] Window resized: width=654, height=494
[2026-04-24:15:02:24][INFO] Window resized: width=650, height=493
[2026-04-24:15:02:24][INFO] Window resized: width=648, height=490
[2026-04-24:15:02:24][INFO] Window resized: width=642, height=485
[2026-04-24:15:02:24][INFO] Window resized: width=638, height=482
[2026-04-24:15:02:24][INFO] Window resized: width=636, height=481
[2026-04-24:15:02:24][INFO] Window resized: width=634, height=478
[2026-04-24:15:02:24][INFO] Window resized: width=631, height=475
[2026-04-24:15:02:24][INFO] Window resized: width=629, height=472
[2026-04-24:15:02:24][INFO] Window resized: width=627, height=470
[2026-04-24:15:02:24][INFO] Window resized: width=625, height=468
[2026-04-24:15:02:24][INFO] Window resized: width=623, height=465
[2026-04-24:15:02:24][INFO] Window resized: width=622, height=463
[2026-04-24:15:02:24][INFO] Window resized: width=621, height=461
[2026-04-24:15:02:24][INFO] Window resized: width=619, height=459
[2026-04-24:15:02:24][INFO] Window resized: width=618, height=459
[2026-04-24:15:02:24][INFO] Window resized: width=617, height=456
[2026-04-24:15:02:24][INFO] Window resized: width=616, height=455
[2026-04-24:15:02:24][INFO] Window resized: width=615, height=455
[2026-04-24:15:02:24][INFO] Window resized: width=615, height=454
[2026-04-24:15:02:24][INFO] Window resized: width=614, height=454
[2026-04-24:15:02:24][INFO] Window resized: width=614, height=453
[2026-04-24:15:02:24][INFO] Window resized: width=613, height=453
[2026-04-24:15:02:24][INFO] Window resized: width=614, height=453
[2026-04-24:15:02:24][INFO] Window resized: width=615, height=453
[2026-04-24:15:02:24][INFO] Window resized: width=616, height=455
[2026-04-24:15:02:24][INFO] Window resized: width=617, height=455
[2026-04-24:15:02:24][INFO] Window resized: width=618, height=457
[2026-04-24:15:02:24][INFO] Window resized: width=620, height=459
[2026-04-24:15:02:24][INFO] Window resized: width=621, height=460
[2026-04-24:15:02:24][INFO] Window resized: width=623, height=460
[2026-04-24:15:02:24][INFO] Window resized: width=625, height=461
[2026-04-24:15:02:24][INFO] Window resized: width=626, height=463
[2026-04-24:15:02:24][INFO] Window resized: width=627, height=464
[2026-04-24:15:02:24][INFO] Window resized: width=629, height=466
[2026-04-24:15:02:24][INFO] Window resized: width=632, height=467
[2026-04-24:15:02:24][INFO] Window resized: width=633, height=468
[2026-04-24:15:02:24][INFO] Window resized: width=635, height=470
[2026-04-24:15:02:24][INFO] Window resized: width=636, height=470
[2026-04-24:15:02:24][INFO] Window resized: width=637, height=471
[2026-04-24:15:02:24][INFO] Window resized: width=639, height=472
[2026-04-24:15:02:24][INFO] Window resized: width=641, height=475
[2026-04-24:15:02:24][INFO] Window resized: width=642, height=476
[2026-04-24:15:02:24][INFO] Window resized: width=643, height=477
[2026-04-24:15:02:24][INFO] Window resized: width=645, height=478
[2026-04-24:15:02:24][INFO] Window resized: width=648, height=480
[2026-04-24:15:02:24][INFO] Window resized: width=649, height=481
[2026-04-24:15:02:24][INFO] Window resized: width=651, height=484
[2026-04-24:15:02:24][INFO] Window resized: width=654, height=485
[2026-04-24:15:02:24][INFO] Window resized: width=658, height=486
[2026-04-24:15:02:24][INFO] Window resized: width=662, height=488
[2026-04-24:15:02:24][INFO] Window resized: width=665, height=490
[2026-04-24:15:02:24][INFO] Window resized: width=670, height=491
[2026-04-24:15:02:24][INFO] Window resized: width=674, height=495
[2026-04-24:15:02:24][INFO] Window resized: width=680, height=497
[2026-04-24:15:02:24][INFO] Window resized: width=683, height=500
[2026-04-24:15:02:24][INFO] Window resized: width=687, height=502
[2026-04-24:15:02:24][INFO] Window resized: width=693, height=507
[2026-04-24:15:02:24][INFO] Window resized: width=696, height=509
[2026-04-24:15:02:24][INFO] Window resized: width=700, height=512
[2026-04-24:15:02:24][INFO] Window resized: width=704, height=516
[2026-04-24:15:02:24][INFO] Window resized: width=707, height=518
[2026-04-24:15:02:24][INFO] Window resized: width=711, height=521
[2026-04-24:15:02:24][INFO] Window resized: width=716, height=524
[2026-04-24:15:02:24][INFO] Window resized: width=718, height=527
[2026-04-24:15:02:24][INFO] Window resized: width=722, height=529
[2026-04-24:15:02:24][INFO] Window resized: width=724, height=532
[2026-04-24:15:02:24][INFO] Window resized: width=727, height=534
[2026-04-24:15:02:24][INFO] Window resized: width=741, height=542
[2026-04-24:15:02:24][INFO] Window resized: width=744, height=547
[2026-04-24:15:02:24][INFO] Window resized: width=749, height=550
[2026-04-24:15:02:24][INFO] Window resized: width=756, height=554
[2026-04-24:15:02:24][INFO] Window resized: width=761, height=558
[2026-04-24:15:02:24][INFO] Window resized: width=765, height=561
[2026-04-24:15:02:24][INFO] Window resized: width=769, height=565
[2026-04-24:15:02:24][INFO] Window resized: width=775, height=568
[2026-04-24:15:02:24][INFO] Window resized: width=778, height=572
[2026-04-24:15:02:24][INFO] Window resized: width=783, height=574
[2026-04-24:15:02:24][INFO] Window resized: width=787, height=578
[2026-04-24:15:02:24][INFO] Window resized: width=790, height=582
[2026-04-24:15:02:24][INFO] Window resized: width=795, height=587
[2026-04-24:15:02:24][INFO] Window resized: width=801, height=590
[2026-04-24:15:02:24][INFO] Window resized: width=805, height=596
[2026-04-24:15:02:24][INFO] Window resized: width=811, height=600
[2026-04-24:15:02:24][INFO] Window resized: width=817, height=606
[2026-04-24:15:02:24][INFO] Window resized: width=828, height=613
[2026-04-24:15:02:24][INFO] Window resized: width=834, height=617
[2026-04-24:15:02:24][INFO] Window resized: width=844, height=624
[2026-04-24:15:02:24][INFO] Window resized: width=853, height=632
[2026-04-24:15:02:24][INFO] Window resized: width=857, height=635
[2026-04-24:15:02:24][INFO] Window resized: width=867, height=642
[2026-04-24:15:02:24][INFO] Window resized: width=879, height=650
[2026-04-24:15:02:24][INFO] Window resized: width=888, height=656
[2026-04-24:15:02:24][INFO] Window resized: width=897, height=666
[2026-04-24:15:02:24][INFO] Window resized: width=901, height=669
[2026-04-24:15:02:24][INFO] Window resized: width=904, height=673
[2026-04-24:15:02:24][INFO] Window resized: width=906, height=675
[2026-04-24:15:02:24][INFO] Window resized: width=907, height=676
[2026-04-24:15:02:24][INFO] Window resized: width=908, height=676
[2026-04-24:15:02:25][INFO] Window resized: width=908, height=675
[2026-04-24:15:02:25][INFO] Window resized: width=907, height=672
[2026-04-24:15:02:25][INFO] Window resized: width=904, height=670
[2026-04-24:15:02:25][INFO] Window resized: width=904, height=669
[2026-04-24:15:02:25][INFO] Window resized: width=903, height=668
[2026-04-24:15:02:25][INFO] Window resized: width=902, height=667
[2026-04-24:15:02:25][INFO] Window resized: width=901, height=666
[2026-04-24:15:02:25][INFO] Window resized: width=901, height=665
[2026-04-24:15:02:25][INFO] Window resized: width=901, height=664
[2026-04-24:15:02:25][INFO] Window resized: width=899, height=664
[2026-04-24:15:02:25][INFO] Window resized: width=894, height=660
[2026-04-24:15:02:25][INFO] Window resized: width=886, height=656
[2026-04-24:15:02:25][INFO] Window resized: width=882, height=653
[2026-04-24:15:02:25][INFO] Window resized: width=870, height=645
[2026-04-24:15:02:25][INFO] Window resized: width=863, height=640
[2026-04-24:15:02:25][INFO] Window resized: width=857, height=636
[2026-04-24:15:02:25][INFO] Window resized: width=851, height=632
[2026-04-24:15:02:25][INFO] Window resized: width=845, height=625
[2026-04-24:15:02:25][INFO] Window resized: width=839, height=621
[2026-04-24:15:02:25][INFO] Window resized: width=827, height=611
[2026-04-24:15:02:25][INFO] Window resized: width=822, height=608
[2026-04-24:15:02:25][INFO] Window resized: width=818, height=603
[2026-04-24:15:02:25][INFO] Window resized: width=812, height=598
[2026-04-24:15:02:25][INFO] Window resized: width=804, height=595
[2026-04-24:15:02:25][INFO] Window resized: width=800, height=589
[2026-04-24:15:02:25][INFO] Window resized: width=786, height=582
[2026-04-24:15:02:25][INFO] Window resized: width=780, height=575
[2026-04-24:15:02:25][INFO] Window resized: width=776, height=572
[2026-04-24:15:02:25][INFO] Window resized: width=770, height=569
[2026-04-24:15:02:25][INFO] Window resized: width=767, height=564
[2026-04-24:15:02:25][INFO] Window resized: width=762, height=561
[2026-04-24:15:02:25][INFO] Window resized: width=758, height=558
[2026-04-24:15:02:25][INFO] Window resized: width=754, height=555
[2026-04-24:15:02:25][INFO] Window resized: width=751, height=552
[2026-04-24:15:02:25][INFO] Window resized: width=747, height=550
[2026-04-24:15:02:25][INFO] Window resized: width=742, height=546
[2026-04-24:15:02:25][INFO] Window resized: width=737, height=543
[2026-04-24:15:02:25][INFO] Window resized: width=734, height=541
[2026-04-24:15:02:25][INFO] Window resized: width=730, height=539
[2026-04-24:15:02:25][INFO] Window resized: width=725, height=536
[2026-04-24:15:02:25][INFO] Window resized: width=723, height=533
[2026-04-24:15:02:25][INFO] Window resized: width=720, height=531
[2026-04-24:15:02:25][INFO] Window resized: width=716, height=529
[2026-04-24:15:02:25][INFO] Window resized: width=713, height=527
[2026-04-24:15:02:25][INFO] Window resized: width=711, height=523
[2026-04-24:15:02:25][INFO] Window resized: width=707, height=521
[2026-04-24:15:02:25][INFO] Window resized: width=705, height=519
[2026-04-24:15:02:25][INFO] Window resized: width=702, height=517
[2026-04-24:15:02:25][INFO] Window resized: width=701, height=516
[2026-04-24:15:02:25][INFO] Window resized: width=696, height=513
[2026-04-24:15:02:25][INFO] Window resized: width=694, height=512
[2026-04-24:15:02:25][INFO] Window resized: width=691, height=510
[2026-04-24:15:02:25][INFO] Window resized: width=688, height=509
[2026-04-24:15:02:25][INFO] Window resized: width=684, height=506
[2026-04-24:15:02:25][INFO] Window resized: width=682, height=503
[2026-04-24:15:02:25][INFO] Window resized: width=679, height=502
[2026-04-24:15:02:25][INFO] Window resized: width=677, height=501
[2026-04-24:15:02:25][INFO] Window resized: width=674, height=500
[2026-04-24:15:02:25][INFO] Window resized: width=674, height=499
[2026-04-24:15:02:25][INFO] Window resized: width=672, height=497
[2026-04-24:15:02:25][INFO] Window resized: width=669, height=495
[2026-04-24:15:02:26][INFO] Window resized: width=668, height=494
[2026-04-24:15:02:26][INFO] Window resized: width=666, height=493
[2026-04-24:15:02:26][INFO] Window resized: width=664, height=491
[2026-04-24:15:02:26][INFO] Window resized: width=663, height=489
[2026-04-24:15:02:26][INFO] Window resized: width=660, height=487
[2026-04-24:15:02:26][INFO] Window resized: width=658, height=485
[2026-04-24:15:02:26][INFO] Window resized: width=657, height=483
[2026-04-24:15:02:26][INFO] Window resized: width=655, height=481
[2026-04-24:15:02:26][INFO] Window resized: width=651, height=478
[2026-04-24:15:02:26][INFO] Window resized: width=649, height=475
[2026-04-24:15:02:26][INFO] Window resized: width=646, height=473
[2026-04-24:15:02:26][INFO] Window resized: width=643, height=471
[2026-04-24:15:02:26][INFO] Window resized: width=641, height=470
[2026-04-24:15:02:26][INFO] Window resized: width=636, height=466
[2026-04-24:15:02:26][INFO] Window resized: width=635, height=465
[2026-04-24:15:02:26][INFO] Window resized: width=631, height=463
[2026-04-24:15:02:26][INFO] Window resized: width=628, height=462
[2026-04-24:15:02:26][INFO] Window resized: width=625, height=460
[2026-04-24:15:02:26][INFO] Window resized: width=622, height=457
[2026-04-24:15:02:26][INFO] Window resized: width=619, height=455
[2026-04-24:15:02:26][INFO] Window resized: width=618, height=454
[2026-04-24:15:02:26][INFO] Window resized: width=616, height=453
[2026-04-24:15:02:26][INFO] Window resized: width=613, height=451
[2026-04-24:15:02:26][INFO] Window resized: width=611, height=448
[2026-04-24:15:02:26][INFO] Window resized: width=611, height=447
[2026-04-24:15:02:26][INFO] Window resized: width=609, height=446
[2026-04-24:15:02:26][INFO] Window resized: width=608, height=444
[2026-04-24:15:02:26][INFO] Window resized: width=607, height=443
[2026-04-24:15:02:26][INFO] Window resized: width=607, height=442
[2026-04-24:15:02:26][INFO] Window resized: width=605, height=440
[2026-04-24:15:02:26][INFO] Window resized: width=604, height=439
[2026-04-24:15:02:26][INFO] Window resized: width=604, height=438
[2026-04-24:15:02:26][INFO] Window resized: width=603, height=438
[2026-04-24:15:02:26][INFO] Window resized: width=604, height=438
[2026-04-24:15:02:26][INFO] Window resized: width=606, height=441
[2026-04-24:15:02:26][INFO] Window resized: width=607, height=441
[2026-04-24:15:02:26][INFO] Window resized: width=608, height=442
[2026-04-24:15:02:26][INFO] Window resized: width=608, height=443
[2026-04-24:15:02:26][INFO] Window resized: width=609, height=444
[2026-04-24:15:02:26][INFO] Window resized: width=610, height=444
[2026-04-24:15:02:26][INFO] Window resized: width=611, height=445
[2026-04-24:15:02:26][INFO] Window resized: width=611, height=446
[2026-04-24:15:02:26][INFO] Window resized: width=613, height=446
[2026-04-24:15:02:26][INFO] Window resized: width=614, height=446
[2026-04-24:15:02:26][INFO] Window resized: width=614, height=448
[2026-04-24:15:02:26][INFO] Window resized: width=615, height=448
[2026-04-24:15:02:26][INFO] Window resized: width=615, height=449
[2026-04-24:15:02:26][INFO] Window resized: width=616, height=449
[2026-04-24:15:02:26][INFO] Window resized: width=616, height=450
[2026-04-24:15:02:26][INFO] Window resized: width=617, height=450
[2026-04-24:15:02:26][INFO] Window resized: width=617, height=451
[2026-04-24:15:02:26][INFO] Window resized: width=618, height=451
[2026-04-24:15:02:27][INFO] Window resized: width=621, height=452
[2026-04-24:15:02:27][INFO] Window resized: width=625, height=454
[2026-04-24:15:02:27][INFO] Window resized: width=628, height=457
[2026-04-24:15:02:27][INFO] Window resized: width=632, height=459
[2026-04-24:15:02:27][INFO] Window resized: width=638, height=463
[2026-04-24:15:02:27][INFO] Window resized: width=642, height=467
[2026-04-24:15:02:27][INFO] Window resized: width=650, height=472
[2026-04-24:15:02:27][INFO] Window resized: width=654, height=476
[2026-04-24:15:02:28][INFO] Window resized: width=662, height=482
[2026-04-24:15:02:28][INFO] Window resized: width=668, height=487
[2026-04-24:15:02:28][INFO] Window resized: width=675, height=493
[2026-04-24:15:02:28][INFO] Window resized: width=681, height=498
[2026-04-24:15:02:28][INFO] Window resized: width=689, height=502
[2026-04-24:15:02:28][INFO] Window resized: width=698, height=507
[2026-04-24:15:02:28][INFO] Window resized: width=715, height=519
[2026-04-24:15:02:28][INFO] Window resized: width=722, height=524
[2026-04-24:15:02:28][INFO] Window resized: width=731, height=529
[2026-04-24:15:02:28][INFO] Window resized: width=740, height=536
[2026-04-24:15:02:28][INFO] Window resized: width=748, height=539
[2026-04-24:15:02:28][INFO] Window resized: width=755, height=544
[2026-04-24:15:02:28][INFO] Window resized: width=761, height=549
[2026-04-24:15:02:28][INFO] Window resized: width=769, height=553
[2026-04-24:15:02:28][INFO] Window resized: width=776, height=556
[2026-04-24:15:02:28][INFO] Window resized: width=780, height=561
[2026-04-24:15:02:28][INFO] Window resized: width=788, height=565
[2026-04-24:15:02:28][INFO] Window resized: width=794, height=568
[2026-04-24:15:02:28][INFO] Window resized: width=801, height=575
[2026-04-24:15:02:28][INFO] Window resized: width=806, height=578
[2026-04-24:15:02:28][INFO] Window resized: width=813, height=583
[2026-04-24:15:02:28][INFO] Window resized: width=816, height=586
[2026-04-24:15:02:28][INFO] Window resized: width=820, height=588
[2026-04-24:15:02:28][INFO] Window resized: width=826, height=591
[2026-04-24:15:02:28][INFO] Window resized: width=829, height=594
[2026-04-24:15:02:28][INFO] Window resized: width=833, height=596
[2026-04-24:15:02:28][INFO] Window resized: width=836, height=598
[2026-04-24:15:02:28][INFO] Window resized: width=839, height=600
[2026-04-24:15:02:28][INFO] Window resized: width=844, height=601
[2026-04-24:15:02:28][INFO] Window resized: width=847, height=604
[2026-04-24:15:02:28][INFO] Window resized: width=851, height=606
[2026-04-24:15:02:28][INFO] Window resized: width=855, height=607
[2026-04-24:15:02:28][INFO] Window resized: width=865, height=611
[2026-04-24:15:02:28][INFO] Window resized: width=875, height=614
[2026-04-24:15:02:28][INFO] Window resized: width=878, height=617
[2026-04-24:15:02:28][INFO] Window resized: width=884, height=620
[2026-04-24:15:02:28][INFO] Window resized: width=887, height=622
[2026-04-24:15:02:28][INFO] Window resized: width=891, height=624
[2026-04-24:15:02:28][INFO] Window resized: width=895, height=627
[2026-04-24:15:02:28][INFO] Window resized: width=900, height=629
[2026-04-24:15:02:28][INFO] Window resized: width=905, height=631
[2026-04-24:15:02:28][INFO] Window resized: width=909, height=633
[2026-04-24:15:02:28][INFO] Window resized: width=915, height=637
[2026-04-24:15:02:28][INFO] Window resized: width=919, height=639
[2026-04-24:15:02:28][INFO] Window resized: width=923, height=640
[2026-04-24:15:02:28][INFO] Window resized: width=927, height=642
[2026-04-24:15:02:28][INFO] Window resized: width=931, height=643
[2026-04-24:15:02:28][INFO] Window resized: width=934, height=645
[2026-04-24:15:02:28][INFO] Window resized: width=938, height=646
[2026-04-24:15:02:28][INFO] Window resized: width=942, height=647
[2026-04-24:15:02:28][INFO] Window resized: width=946, height=648
[2026-04-24:15:02:28][INFO] Window resized: width=949, height=649
[2026-04-24:15:02:28][INFO] Window resized: width=960, height=651
[2026-04-24:15:02:28][INFO] Window resized: width=967, height=652
[2026-04-24:15:02:28][INFO] Window resized: width=972, height=652
[2026-04-24:15:02:28][INFO] Window resized: width=978, height=653
[2026-04-24:15:02:28][INFO] Window resized: width=982, height=653
[2026-04-24:15:02:28][INFO] Window resized: width=986, height=655
[2026-04-24:15:02:28][INFO] Window resized: width=989, height=655
[2026-04-24:15:02:28][INFO] Window resized: width=993, height=656
[2026-04-24:15:02:28][INFO] Window resized: width=995, height=656
[2026-04-24:15:02:28][INFO] Window resized: width=998, height=656
[2026-04-24:15:02:28][INFO] Window resized: width=1001, height=656
[2026-04-24:15:02:28][INFO] Window resized: width=1005, height=656
[2026-04-24:15:02:28][INFO] Window resized: width=1013, height=656
[2026-04-24:15:02:28][INFO] Window resized: width=1016, height=656
[2026-04-24:15:02:28][INFO] Window resized: width=1023, height=656
[2026-04-24:15:02:28][INFO] Window resized: width=1026, height=656
[2026-04-24:15:02:28][INFO] Window resized: width=1028, height=656
[2026-04-24:15:02:28][INFO] Window resized: width=1030, height=656
[2026-04-24:15:02:28][INFO] Window resized: width=1031, height=656
[2026-04-24:15:02:28][INFO] Window resized: width=1032, height=656
[2026-04-24:15:02:28][INFO] Window resized: width=1033, height=656
[2026-04-24:15:02:28][INFO] Window resized: width=1034, height=656
[2026-04-24:15:02:28][INFO] Window resized: width=1035, height=656
[2026-04-24:15:23:40][INFO] Closing window
[2026-04-24:15:23:40][INFO] LITEC engine is shutting down. Goodbye!

[2026-04-24:15:59:51][INFO] LITEC engine is starting. Welcome!

[2026-04-24:15:59:52][INFO] LITEC Engine created new window
[2026-04-24:15:59:59][INFO] Key pressed event
[2026-04-24:15:59:59][INFO] Key released event
[2026-04-24:16:01:35][INFO] Key pressed event
[2026-04-24:16:01:35][INFO] Key released event
[2026-04-24:16:01:35][INFO] Key pressed event
[2026-04-24:16:01:35][INFO] Key released event
[2026-04-24:16:01:35][INFO] Key pressed event
[2026-04-24:16:01:35][INFO] Key released event
[2026-04-24:16:01:35][INFO] Key pressed event
[2026-04-24:16:01:36][INFO] Key released event
[2026-04-24:16:01:36][INFO] Key pressed event
[2026-04-24:16:01:36][INFO] Key released event
[2026-04-24:16:01:36][INFO] Key pressed event
[2026-04-24:16:01:36][INFO] Key released event
[2026-04-24:16:01:54][INFO] Key pressed event
[2026-04-24:16:01:54][INFO] Key pressed event
[2026-04-24:16:01:54][INFO] Key pressed event
[2026-04-24:16:01:54][INFO] Key pressed event
[2026-04-24:16:01:54][INFO] Key pressed event
[2026-04-24:16:01:54][INFO] Key pressed event
[2026-04-24:16:01:54][INFO] Key pressed event
[2026-04-24:16:01:54][INFO] Key pressed event
[2026-04-24:16:01:54][INFO] Key pressed event
[2026-04-24:16:01:54][INFO] Key pressed event
[2026-04-24:16:01:54][INFO] Key pressed event
[2026-04-24:16:01:54][INFO] Key pressed event
[2026-04-24:16:01:54][INFO] Key pressed event
[2026-04-24:16:01:54][INFO] Key pressed event
[2026-04-24:16:01:54][INFO] Key pressed event
[2026-04-24:16:01:54][INFO] Key pressed event
[2026-04-24:16:01:54][INFO] Key pressed event
[2026-04-24:16:01:55][INFO] Key pressed event
[2026-04-24:16:01:55][INFO] Key pressed event
[2026-04-24:16:01:55][INFO] Key pressed event
[2026-04-24:16:01:55][INFO] Key pressed event
[2026-04-24:16:01:55][INFO] Key pressed event
[2026-04-24:16:01:55][INFO] Key pressed event
[2026-04-24:16:01:55][INFO] Key pressed event
[2026-04-24:16:01:55][INFO] Key pressed event
[2026-04-24:16:01:55][INFO] Key pressed event
[2026-04-24:16:01:55][INFO] Key pressed event
[2026-04-24:16:01:55][INFO] Key pressed event
[2026-04-24:16:01:55][INFO] Key pressed event
[2026-04-24:16:01:55][INFO] Key pressed event
[2026-04-24:16:01:55][INFO] Key pressed event
[2026-04-24:16:01:55][INFO] Key pressed event
[2026-04-24:16:01:55][INFO] Key pressed event
[2026-04-24:16:01:55][INFO] Key pressed event
[2026-04-24:16:01:55][INFO] Key pressed event
[2026-04-24:16:01:55][INFO] Key pressed event
[2026-04-24:16:01:55][INFO] Key pressed event
[2026-04-24:16:01:55][INFO] Key pressed event
[2026-04-24:16:01:55][INFO] Key pressed event
[2026-04-24:16:01:55][INFO] Key pressed event
[2026-04-24:16:01:55][INFO] Key pressed event
[2026-04-24:16:01:55][INFO] Key pressed event
[2026-04-24:16:01:55][INFO] Key pressed event
[2026-04-24:16:01:55][INFO] Key pressed event
[2026-04-24:16:01:55][INFO] Key pressed event
[2026-04-24:16:01:55][INFO] Key pressed event
[2026-04-24:16:01:55][INFO] Key pressed event
[2026-04-24:16:01:55][INFO] Key pressed event
[2026-04-24:16:01:55][INFO] Key pressed event
[2026-04-24:16:01:56][INFO] Key pressed event
[2026-04-24:16:01:56][INFO] Key pressed event
[2026-04-24:16:01:56][INFO] Key pressed event
[2026-04-24:16:01:56][INFO] Key pressed event
[2026-04-24:16:01:56][INFO] Key pressed event
[2026-04-24:16:01:56][INFO] Key pressed event
[2026-04-24:16:01:56][INFO] Key pressed event
[2026-04-24:16:01:56][INFO] Key pressed event
[2026-04-24:16:01:56][INFO] Key pressed event
[2026-04-24:16:01:56][INFO] Key pressed event
[2026-04-24:16:01:56][INFO] Key pressed event
[2026-04-24:16:01:56][INFO] Key pressed event
[2026-04-24:16:01:56][INFO] Key pressed event
[2026-04-24:16:01:56][INFO] Key pressed event
[2026-04-24:16:01:56][INFO] Key pressed event
[2026-04-24:16:01:56][INFO] Key pressed event
[2026-04-24:16:01:56][INFO] Key pressed event
[2026-04-24:16:01:56][INFO] Key pressed event
[2026-04-24:16:01:56][INFO] Key pressed event
[2026-04-24:16:01:56][INFO] Key pressed event
[2026-04-24:16:01:56][INFO] Key pressed event
[2026-04-24:16:01:56][INFO] Key released event
[2026-04-24:16:01:59][INFO] Window resized: width=0, h[2026-04-24:16:02:16][INFO] LITEC engine is starting. Welcome!

[2026-04-24:16:02:16][INFO] LITEC Engine created new window
[2026-04-24:16:02:19][INFO] Window resized: width=0, height=0
[2026-04-24:16:02:19][INFO] Window resized: width=800, height=600
[2026-04-24:16:02:23][INFO] Key pressed event
[2026-04-24:16:02:24][INFO] Key pressed event
[2026-04-24:16:02:24][INFO] Key pressed event
[2026-04-24:16:02:24][INFO] Key pressed event
[2026-04-24:16:02:24][INFO] Key pressed event
[2026-04-24:16:02:24][INFO] Key pressed event
[2026-04-24:16:02:24][INFO] Key pressed event
[2026-04-24:16:02:24][INFO] Key pressed event
[2026-04-24:16:02:24][INFO] Key pressed event
[2026-04-24:16:02:24][INFO] Key pressed event
[2026-04-24:16:02:24][INFO] Key pressed event
[2026-04-24:16:02:24][INFO] Key pressed event
[2026-04-24:16:02:24][INFO] Key pressed event
[2026-04-24:16:02:24][INFO] Key pressed event
[2026-04-24:16:02:24][INFO] Key pressed event
[2026-04-24:16:02:24][INFO] Key pressed event
[2026-04-24:16:02:24][INFO] Key pressed event
[2026-04-24:16:02:24][INFO] Key pressed event
[2026-04-24:16:02:24][INFO] Key pressed event
[2026-04-24:16:02:24][INFO] Key pressed event
[2026-04-24:16:02:24][INFO] Key pressed event
[2026-04-24:16:02:24][INFO] Key pressed event
[2026-04-24:16:02:24][INFO] Key pressed event
[2026-04-24:16:02:24][INFO] Key pressed event
[2026-04-24:16:02:24][INFO] Key pressed event
[2026-04-24:16:02:24][INFO] Key pressed event
[2026-04-24:16:02:24][INFO] Key pressed event
[2026-04-24:16:02:24][INFO] Key pressed event
[2026-04-24:16:02:24][INFO] Key pressed event
[2026-04-24:16:02:24][INFO] Key pressed event
[2026-04-24:16:02:24][INFO] Key pressed event
[2026-04-24:16:02:24][INFO] Key pressed event
[2026-04-24:16:02:24][INFO] Key pressed event
[2026-04-24:16:02:25][INFO] Key pressed event
[2026-04-24:16:02:25][INFO] Key pressed event
[2026-04-24:16:02:25][INFO] Key pressed event
[2026-04-24:16:02:25][INFO] Key pressed event
[2026-04-24:16:02:25][INFO] Key pressed event
[2026-04-24:16:02:25][INFO] Key pressed event
[2026-04-24:16:02:25][INFO] Key pressed event
[2026-04-24:16:02:25][INFO] Key pressed event
[2026-04-24:16:02:25][INFO] Key pressed event
[2026-04-24:16:02:25][INFO] Key pressed event
[2026-04-24:16:02:25][INFO] Key pressed event
[2026-04-24:16:02:25][INFO] Key pressed event
[2026-04-24:16:02:25][INFO] Key pressed event
[2026-04-24:16:02:25][INFO] Key pressed event
[2026-04-24:16:02:25][INFO] Key pressed event
[2026-04-24:16:02:25][INFO] Key pressed event
[2026-04-24:16:02:25][INFO] Key pressed event
[2026-04-24:16:02:25][INFO] Key pressed event
[2026-04-24:16:02:25][INFO] Key pressed event
[2026-04-24:16:02:25][INFO] Key pressed event
[2026-04-24:16:02:25][INFO] Key pressed event
[2026-04-24:16:02:25][INFO] Key pressed event
[2026-04-24:16:02:25][INFO] Key pressed event
[2026-04-24:16:02:25][INFO] Key pressed event
[2026-04-24:16:02:25][INFO] Key pressed event
[2026-04-24:16:02:25][INFO] Key pressed event
[2026-04-24:16:02:25][INFO] Key pressed event
[2026-04-24:16:02:25][INFO] Key pressed event
[2026-04-24:16:02:25][INFO] Key pressed event
[2026-04-24:16:02:25][INFO] Key pressed event
[2026-04-24:16:02:25][INFO] Key pressed event
[2026-04-24:16:02:25][INFO] Key pressed event
[2026-04-24:16:02:25][INFO] Key pressed event
[2026-04-24:16:02:26][INFO] Key pressed event
[2026-04-24:16:02:26][INFO] Key pressed event
[2026-04-24:16:02:26][INFO] Key pressed event
[2026-04-24:16:02:26][INFO] Key pressed event
[2026-04-24:16:02:26][INFO] Key pressed event
[2026-04-24:16:02:26][INFO] Key pressed event
[2026-04-24:16:02:26][INFO] Key pressed event
[2026-04-24:16:02:26][INFO] Key pressed event
[2026-04-24:16:02:26][INFO] Key pressed event
[2026-04-24:16:02:26][INFO] Key pressed event
[2026-04-24:16:02:26][INFO] Key pressed event
[2026-04-24:16:02:26][INFO] Key pressed event
[2026-04-24:16:02:26][INFO] Key released event
[2026-04-24:16:03:10][INFO] Closing window
[2026-04-24:16:03:10][INFO] LITEC engine is shutting down. Goodbye!

[2026-04-24:19:29:04][INFO] LITEC engine is starting. Welcome!

[2026-04-24:19:29:06][INFO] LITEC Engine created new window
[2026-04-24:19:29:07][INFO] Mouse moved event
[2026-04-24:19:29:07][INFO] Mouse moved event
[2026-04-24:19:29:07][INFO] Mouse moved event
[2026-04-24:19:29:07][INFO] Mouse moved event
[2026-04-24:19:29:07][INFO] Mouse moved event
[2026-04-24:19:29:07][INFO] Mouse moved event
[2026-04-24:19:29:07][INFO] Mouse moved event
[2026-04-24:19:29:07][INFO] Mouse moved event
[2026-04-24:19:29:07][INFO] Mouse moved event
[2026-04-24:19:29:07][INFO] Mouse moved event
[2026-04-24:19:29:07][INFO] Mouse moved event
[2026-04-24:19:29:07][INFO] Mouse moved event
[2026-04-24:19:29:07][INFO] Mouse moved event
[2026-04-24:19:29:07][INFO] Mouse moved event
[2026-04-24:19:29:07][INFO] Mouse moved event
[2026-04-24:19:29:07][INFO] Mouse moved event
[2026-04-24:19:29:07][INFO] Mouse moved event
[2026-04-24:19:29:07][INFO] Mouse moved event
[2026-04-24:19:29:07][INFO] Mouse moved event
[2026-04-24:19:29:07][INFO] Mouse moved event
[2026-04-24:19:29:07][INFO] Mouse moved event
[2026-04-24:19:29:07][INFO] Mouse moved event
[2026-04-24:19:29:07][INFO] Mouse moved event
[2026-04-24:19:29:07][INFO] Mouse moved event
[2026-04-24:19:29:07][INFO] Mouse moved event
[2026-04-24:19:29:07][INFO] Mouse moved event
[2026-04-24:19:29:07][INFO] Mouse moved event
[2026-04-24:19:29:07][INFO] Mouse moved event
[2026-04-24:19:29:07][INFO] Mouse moved event
[2026-04-24:19:29:07][INFO] Mouse moved event
[2026-04-24:19:29:07][INFO] Mouse moved event
[2026-04-24:19:29:07][INFO] Mouse moved event
[2026-04-24:19:29:07][INFO] Mouse moved event
[2026-04-24:19:29:07][INFO] Mouse moved event
[2026-04-24:19:29:07][INFO] Mouse moved event
[2026-04-24:19:29:07][INFO] Mouse moved event
[2026-04-24:19:29:07][INFO] Mouse moved event
[2026-04-24:19:29:07][INFO] Mouse moved event
[2026-04-24:19:29:07][INFO] Mouse moved event
[2026-04-24:19:29:07][INFO] Mouse moved event
[2026-04-24:19:29:07][INFO] Mouse moved event
[2026-04-24:19:29:07][INFO] Mouse moved event
[2026-04-24:19:29:08][INFO] Mouse moved event
[2026-04-24:19:29:08][INFO] Mouse moved event
[2026-04-24:19:29:08][INFO] Mouse moved event
[2026-04-24:19:29:08][INFO] Mouse moved event
[2026-04-24:19:29:08][INFO] Mouse moved event
[2026-04-24:19:29:08][INFO] Mouse moved event
[2026-04-24:19:29:08][INFO] Mouse moved event
[2026-04-24:19:29:08][INFO] Mouse moved event
[2026-04-24:19:29:08][INFO] Mouse moved event
[2026-04-24:19:29:08][INFO] Mouse moved event
[2026-04-24:19:29:08][INFO] Mouse moved event
[2026-04-24:19:29:08][INFO] Mouse moved event
[2026-04-24:19:29:08][INFO] Mouse moved event
[2026-04-24:19:29:08][INFO] Mouse moved event
[2026-04-24:19:29:08][INFO] Mouse moved event
[2026-04-24:19:29:08][INFO] Mouse moved event
[2026-04-24:19:29:08][INFO] Mouse moved event
[2026-04-24:19:29:08][INFO] Mouse moved event
[2026-04-24:19:29:08][INFO] Mouse moved event
[2026-04-24:19:29:08][INFO] Mouse moved event
[2026-04-24:19:29:08][INFO] Mouse moved event
[2026-04-24:19:29:08][INFO] Mouse moved event
[2026-04-24:19:29:08][INFO] Mouse moved event
[2026-04-24:19:29:08][INFO] Mouse moved event
[2026-04-24:19:29:08][INFO] Mouse moved event
[2026-04-24:19:29:08][INFO] Mouse moved event
[2026-04-24:19:29:08][INFO] Mouse moved event
[2026-04-24:19:29:08][INFO] Mouse moved event
[2026-04-24:19:29:08][INFO] Mouse moved event
[2026-04-24:19:29:08][INFO] Mouse moved event
[2026-04-24:19:29:08][INFO] Mouse moved event
[2026-04-24:19:29:08][INFO] Mouse moved event
[2026-04-24:19:29:08][INFO] Mouse moved event
[2026-04-24:19:29:08][INFO] Mouse moved event
[2026-04-24:19:29:08][INFO] Mouse moved event
[2026-04-24:19:29:08][INFO] Mouse moved event
[2026-04-24:19:29:08][INFO] Mouse moved event
[2026-04-24:19:29:08][INFO] Mouse moved event
[2026-04-24:19:29:08][INFO] Mouse moved event
[2026-04-24:19:29:08][INFO] Mouse moved event
[2026-04-24:19:29:08][INFO] Mouse moved event
[2026-04-24:19:29:08][INFO] Mouse moved event
[2026-04-24:19:29:08][INFO] Mouse moved event
[2026-04-24:19:29:08][INFO] Mouse moved event
[2026-04-24:19:29:08][INFO] Mouse moved event
[2026-04-24:19:29:08][INFO] Mouse moved event
[2026-04-24:19:29:08][INFO] Mouse moved event
[2026-04-24:19:29:08][INFO] Mouse moved event
[2026-04-24:19:29:08][INFO] Mouse moved event
[2026-04-24:19:29:08][INFO] Mouse moved event
[2026-04-24:19:29:08][INFO] Mouse moved event
[2026-04-24:19:29:08][INFO] Mouse moved event
[2026-04-24:19:29:08][INFO] Mouse moved event
[2026-04-24:19:29:08][INFO] Mouse moved event
[2026-04-24:19:29:08][INFO] Mouse moved event
[2026-04-24:19:29:08][INFO] Mouse moved event
[2026-04-24:19:29:08][INFO] Mouse moved event
[2026-04-24:19:29:08][INFO] Mouse moved event
[2026-04-24:19:29:08][INFO] Mouse moved event
[2026-04-24:19:29:08][INFO] Mouse moved event
[2026-04-24:19:29:08][INFO] Mouse moved event
[2026-04-24:19:29:08][INFO] Mouse moved event
[2026-04-24:19:29:08][INFO] Mouse moved event
[2026-04-24:19:29:08][INFO] Mouse moved event
[2026-04-24:19:29:08][INFO] Mouse moved event
[2026-04-24:19:29:08][INFO] Mouse moved event
[2026-04-24:19:29:08][INFO] Mouse moved event
[2026-04-24:19:29:08][INFO] Mouse moved event
[2026-04-24:19:29:08][INFO] Mouse moved event
[2026-04-24:19:29:08][INFO] Mouse moved event
[2026-04-24:19:29:08][INFO] Mouse moved event
[2026-04-24:19:29:08][INFO] Mouse moved event
[2026-04-24:19:29:08][INFO] Mouse moved event
[2026-04-24:19:29:08][INFO] Mouse moved event
[2026-04-24:19:29:08][INFO] Mouse moved event
[2026-04-24:19:29:08][INFO] Mouse moved event
[2026-04-24:19:29:08][INFO] Mouse moved event
[2026-04-24:19:29:08][INFO] Mouse moved event
[2026-04-24:19:29:08][INFO] Mouse moved event
[2026-04-24:19:29:08][INFO] Mouse moved event
[2026-04-24:19:29:08][INFO] Mouse moved event
[2026-04-24:19:29:08][INFO] Mouse moved event
[2026-04-24:19:29:08][INFO] Mouse moved event
[2026-04-24:19:29:08][INFO] Mouse moved event
[2026-04-24:19:29:08][INFO] Mouse moved event
[2026-04-24:19:29:08][INFO] Mouse moved event
[2026-04-24:19:29:08][INFO] Mouse moved event
[2026-04-24:19:29:08][INFO] Mouse moved event
[2026-04-24:19:29:08][INFO] Mouse moved event
[2026-04-24:19:29:08][INFO] Mouse moved event
[2026-04-24:19:29:08][INFO] Mouse moved event
[2026-04-24:19:29:08][INFO] Mouse moved event
[2026-04-24:19:29:09][INFO] Mouse moved event
[2026-04-24:19:29:09][INFO] Mouse moved event
[2026-04-24:19:29:09][INFO] Mouse moved event
[2026-04-24:19:29:09][INFO] Mouse moved event
[2026-04-24:19:29:09][INFO] Mouse moved event
[2026-04-24:19:29:09][INFO] Mouse moved event
[2026-04-24:19:29:09][INFO] Mouse moved event
[2026-04-24:19:29:09][INFO] Mouse moved event
[2026-04-24:19:29:09][INFO] Mouse moved event
[2026-04-24:19:29:09][INFO] Mouse moved event
[2026-04-24:19:29:09][INFO] Mouse moved event
[2026-04-24:19:29:09][INFO] Mouse moved event
[2026-04-24:19:29:09][INFO] Mouse moved event
[2026-04-24:19:29:09][INFO] Mouse moved event
[2026-04-24:19:29:09][INFO] Mouse moved event
[2026-04-24:19:29:09][INFO] Mouse moved event
[2026-04-24:19:29:09][INFO] Mouse moved event
[2026-04-24:19:29:09][INFO] Mouse moved event
[2026-04-24:19:29:09][INFO] Mouse moved event
[2026-04-24:19:29:09][INFO] Mouse moved event
[2026-04-24:19:29:09][INFO] Mouse moved event
[2026-04-24:19:29:09][INFO] Mouse moved event
[2026-04-24:19:29:09][INFO] Mouse moved event
[2026-04-24:19:29:09][INFO] Mouse moved event
[2026-04-24:19:29:09][INFO] Mouse moved event
[2026-04-24:19:29:09][INFO] Mouse moved event
[2026-04-24:19:29:09][INFO] Mouse moved event
[2026-04-24:19:29:09][INFO] Mouse moved event
[2026-04-24:19:29:09][INFO] Mouse moved event
[2026-04-24:19:29:09][INFO] Mouse moved event
[2026-04-24:19:29:09][INFO] Mouse moved event
[2026-04-24:19:29:09][INFO] Mouse moved event
[2026-04-24:19:29:09][INFO] Mouse moved event
[2026-04-24:19:29:09][INFO] Mouse moved event
[2026-04-24:19:29:09][INFO] Mouse moved event
[2026-04-24:19:29:09][INFO] Mouse moved event
[2026-04-24:19:29:09][INFO] Mouse moved event
[2026-04-24:19:29:09][INFO] Mouse moved event
[2026-04-24:19:29:09][INFO] Mouse moved event
[2026-04-24:19:29:09][INFO] Mouse moved event
[2026-04-24:19:29:09][INFO] Mouse moved event
[2026-04-24:19:29:09][INFO] Mouse moved event
[2026-04-24:19:29:09][INFO] Mouse moved event
[2026-04-24:19:29:09][INFO] Mouse moved event
[2026-04-24:19:29:09][INFO] Mouse moved event
[2026-04-24:19:29:09][INFO] Mouse moved event
[2026-04-24:19:29:11][INFO] Mouse moved event
[2026-04-24:19:29:11][INFO] Mouse moved event
[2026-04-24:19:29:11][INFO] Mouse moved event
[2026-04-24:19:29:11][INFO] Mouse moved event
[2026-04-24:19:29:11][INFO] Mouse moved event
[2026-04-24:19:29:11][INFO] Mouse moved event
[2026-04-24:19:29:11][INFO] Mouse moved event
[2026-04-24:19:29:11][INFO] Mouse moved event
[2026-04-24:19:29:11][INFO] Mouse moved event
[2026-04-24:19:29:11][INFO] Mouse moved event
[2026-04-24:19:29:11][INFO] Mouse moved event
[2026-04-24:19:29:11][INFO] Mouse moved event
[2026-04-24:19:29:11][INFO] Mouse moved event
[2026-04-24:19:29:11][INFO] Mouse moved event
[2026-04-24:19:29:11][INFO] Mouse moved event
[2026-04-24:19:29:11][INFO] Mouse moved event
[2026-04-24:19:29:11][INFO] Mouse moved event
[2026-04-24:19:29:11][INFO] Mouse moved event
[2026-04-24:19:29:11][INFO] Mouse moved event
[2026-04-24:19:29:11][INFO] Mouse moved event
[2026-04-24:19:29:11][INFO] Mouse moved event
[2026-04-24:19:29:11][INFO] Mouse moved event
[2026-04-24:19:29:11][INFO] Mouse moved event
[2026-04-24:19:29:11][INFO] Mouse moved event
[2026-04-24:19:29:11][INFO] Mouse moved event
[2026-04-24:19:29:11][INFO] Mouse moved event
[2026-04-24:19:29:11][INFO] Mouse moved event
[2026-04-24:19:29:11][INFO] Mouse moved event
[2026-04-24:19:29:11][INFO] Mouse moved event
[2026-04-24:19:29:11][INFO] Mouse moved event
[2026-04-24:19:29:11][INFO] Mouse moved event
[2026-04-24:19:29:11][INFO] Mouse moved event
[2026-04-24:19:29:11][INFO] Mouse moved event
[2026-04-24:19:29:12][INFO] Mouse moved event
[2026-04-24:19:29:12][INFO] Mouse moved event
[2026-04-24:19:29:12][INFO] Mouse moved event
[2026-04-24:19:29:12][INFO] Mouse moved event
[2026-04-24:19:29:12][INFO] Mouse moved event
[2026-04-24:19:29:12][INFO] Mouse moved event
[2026-04-24:19:29:12][INFO] Mouse moved event
[2026-04-24:19:29:12][INFO] Mouse moved event
[2026-04-24:19:29:12][INFO] Mouse moved event
[2026-04-24:19:29:12][INFO] Mouse moved event
[2026-04-24:19:29:12][INFO] Mouse moved event
[2026-04-24:19:29:12][INFO] Mouse moved event
[2026-04-24:19:29:12][INFO] Mouse moved event
[2026-04-24:19:29:12][INFO] Mouse moved event
[2026-04-24:19:29:12][INFO] Mouse moved event
[2026-04-24:19:29:12][INFO] Mouse moved event
[2026-04-24:19:29:12][INFO] Mouse moved event
[2026-04-24:19:29:12][INFO] Mouse moved event
[2026-04-24:19:29:12][INFO] Mouse moved event
[2026-04-24:19:29:12][INFO] Mouse moved event
[2026-04-24:19:29:12][INFO] Mouse moved event
[2026-04-24:19:29:12][INFO] Mouse moved event
[2026-04-24:19:29:12][INFO] Mouse moved event
[2026-04-24:19:29:12][INFO] Mouse moved event
[2026-04-24:19:29:12][INFO] Mouse moved event
[2026-04-24:19:29:12][INFO] Mouse moved event
[2026-04-24:19:29:12][INFO] Mouse moved event
[2026-04-24:19:29:12][INFO] Mouse moved event
[2026-04-24:19:29:12][INFO] Mouse moved event
[2026-04-24:19:29:12][INFO] Mouse moved event
[2026-04-24:19:29:12][INFO] Mouse moved event
[2026-04-24:19:29:12][INFO] Mouse moved event
[2026-04-24:19:29:12][INFO] Mouse moved event
[2026-04-24:19:29:12][INFO] Mouse moved event
[2026-04-24:19:29:12][INFO] Mouse moved event
[2026-04-24:19:29:12][INFO] Mouse moved event
[2026-04-24:19:29:12][INFO] Mouse moved event
[2026-04-24:19:29:12][INFO] Mouse moved event
[2026-04-24:19:29:12][INFO] Mouse moved event
[2026-04-24:19:29:12][INFO] Mouse moved event
[2026-04-24:19:29:12][INFO] Mouse moved event
[2026-04-24:19:29:12][INFO] Mouse moved event
[2026-04-24:19:29:12][INFO] Mouse moved event
[2026-04-24:19:29:12][INFO] Mouse moved event
[2026-04-24:19:29:12][INFO] Mouse moved event
[2026-04-24:19:29:12][INFO] Mouse moved event
[2026-04-24:19:29:12][INFO] Mouse moved event
[2026-04-24:19:29:12][INFO] Mouse moved event
[2026-04-24:19:29:12][INFO] Mouse moved event
[2026-04-24:19:29:12][INFO] Mouse moved event
[2026-04-24:19:29:12][INFO] Mouse moved event
[2026-04-24:19:29:12][INFO] Mouse moved event
[2026-04-24:19:29:12][INFO] Mouse moved event
[2026-04-24:19:29:12][INFO] Mouse moved event
[2026-04-24:19:29:12][INFO] Mouse moved event
[2026-04-24:19:29:12][INFO] Mouse moved event
[2026-04-24:19:29:12][INFO] Mouse moved event
[2026-04-24:19:29:12][INFO] Mouse moved event
[2026-04-24:19:29:12][INFO] Mouse moved event
[2026-04-24:19:29:12][INFO] Mouse moved event
[2026-04-24:19:29:12][INFO] Mouse moved event
[2026-04-24:19:29:12][INFO] Mouse moved event
[2026-04-24:19:29:12][INFO] Mouse moved event
[2026-04-24:19:29:12][INFO] Mouse moved event
[2026-04-24:19:29:12][INFO] Mouse moved event
[2026-04-24:19:29:12][INFO] Mouse moved event
[2026-04-24:19:29:12][INFO] Mouse moved event
[2026-04-24:19:29:12][INFO] Mouse moved event
[2026-04-24:19:29:12][INFO] Mouse moved event
[2026-04-24:19:29:12][INFO] Mouse moved event
[2026-04-24:19:29:12][INFO] Mouse moved event
[2026-04-24:19:29:12][INFO] Mouse moved event
[2026-04-24:19:29:12][INFO] Mouse moved event
[2026-04-24:19:29:12][INFO] Mouse moved event
[2026-04-24:19:29:12][INFO] Mouse moved event
[2026-04-24:19:29:12][INFO] Mouse moved event
[2026-04-24:19:29:12][INFO] Mouse moved event
[2026-04-24:19:29:12][INFO] Mouse moved event
[2026-04-24:19:29:12][INFO] Mouse moved event
[2026-04-24:19:29:12][INFO] Mouse moved event
[2026-04-24:19:29:12][INFO] Mouse moved event
[2026-04-24:19:29:12][INFO] Mouse moved event
[2026-04-24:19:29:12][INFO] Mouse moved event
[2026-04-24:19:29:12][INFO] Mouse moved event
[2026-04-24:19:29:12][INFO] Mouse moved event
[2026-04-24:19:29:12][INFO] Mouse moved event
[2026-04-24:19:29:12][INFO] Mouse moved event
[2026-04-24:19:29:12][INFO] Mouse moved event
[2026-04-24:19:29:12][INFO] Mouse moved event
[2026-04-24:19:29:12][INFO] Mouse moved event
[2026-04-24:19:29:12][INFO] Mouse moved event
[2026-04-24:19:29:12][INFO] Mouse moved event
[2026-04-24:19:29:12][INFO] Mouse moved event
[2026-04-24:19:29:12][INFO] Mouse moved event
[2026-04-24:19:29:12][INFO] Mouse moved event
[2026-04-24:19:29:12][INFO] Mouse moved event
[2026-04-24:19:29:12][INFO] Mouse moved event
[2026-04-24:19:29:12][INFO] Mouse moved event
[2026-04-24:19:29:12][INFO] Mouse moved event
[2026-04-24:19:29:12][INFO] Mouse moved event
[2026-04-24:19:29:13][INFO] Mouse moved event
[2026-04-24:19:29:13][INFO] Mouse moved event
[2026-04-24:19:29:13][INFO] Mouse moved event
[2026-04-24:19:29:13][INFO] Mouse moved event
[2026-04-24:19:29:13][INFO] Mouse moved event
[2026-04-24:19:29:13][INFO] Mouse moved event
[2026-04-24:19:29:13][INFO] Mouse moved event
[2026-04-24:19:29:13][INFO] Mouse moved event
[2026-04-24:19:29:13][INFO] Mouse moved event
[2026-04-24:19:29:13][INFO] Mouse moved event
[2026-04-24:19:29:13][INFO] Mouse moved event
[2026-04-24:19:29:13][INFO] Mouse moved event
[2026-04-24:19:29:13][INFO] Mouse moved event
[2026-04-24:19:29:13][INFO] Mouse moved event
[2026-04-24:19:29:13][INFO] Mouse moved event
[2026-04-24:19:29:13][INFO] Mouse moved event
[2026-04-24:19:29:13][INFO] Mouse moved event
[2026-04-24:19:29:13][INFO] Mouse moved event
[2026-04-24:19:29:13][INFO] Mouse moved event
[2026-04-24:19:29:13][INFO] Mouse moved event
[2026-04-24:19:29:13][INFO] Mouse moved event
[2026-04-24:19:29:13][INFO] Mouse moved event
[2026-04-24:19:29:13][INFO] Mouse moved event
[2026-04-24:19:29:13][INFO] Mouse moved event
[2026-04-24:19:29:13][INFO] Mouse moved event
[2026-04-24:19:29:13][INFO] Mouse moved event
[2026-04-24:19:29:13][INFO] Mouse moved event
[2026-04-24:19:29:13][INFO] Mouse moved event
[2026-04-24:19:29:13][INFO] Mouse moved event
[2026-04-24:19:29:13][INFO] Mouse moved event
[2026-04-24:19:29:13][INFO] Mouse moved event
[2026-04-24:19:29:13][INFO] Mouse moved event
[2026-04-24:19:29:13][INFO] Mouse moved event
[2026-04-24:19:29:13][INFO] Mouse moved event
[2026-04-24:19:29:13][INFO] Mouse moved event
[2026-04-24:19:29:13][INFO] Mouse moved event
[2026-04-24:19:29:13][INFO] Mouse moved event
[2026-04-24:19:29:13][INFO] Mouse moved event
[2026-04-24:19:29:13][INFO] Mouse moved event
[2026-04-24:19:29:13][INFO] Mouse moved event
[2026-04-24:19:29:13][INFO] Mouse moved event
[2026-04-24:19:29:13][INFO] Mouse moved event
[2026-04-24:19:29:13][INFO] Mouse moved event
[2026-04-24:19:29:13][INFO] Mouse moved event
[2026-04-24:19:29:13][INFO] Mouse moved event
[2026-04-24:19:29:13][INFO] Mouse moved event
[2026-04-24:19:29:13][INFO] Mouse moved event
[2026-04-24:19:29:13][INFO] Mouse moved event
[2026-04-24:19:29:13][INFO] Mouse moved event
[2026-04-24:19:29:14][INFO] Mouse moved event
[2026-04-24:19:29:14][INFO] Mouse moved event
[2026-04-24:19:29:14][INFO] Mouse moved event
[2026-04-24:19:29:14][INFO] Mouse moved event
[2026-04-24:19:29:14][INFO] Mouse moved event
[2026-04-24:19:29:14][INFO] Mouse moved event
[2026-04-24:19:29:14][INFO] Mouse moved event
[2026-04-24:19:29:14][INFO] Mouse moved event
[2026-04-24:19:29:14][INFO] Mouse moved event
[2026-04-24:19:29:14][INFO] Mouse moved event
[2026-04-24:19:29:14][INFO] Mouse moved event
[2026-04-24:19:29:14][INFO] Mouse moved event
[2026-04-24:19:29:14][INFO] Mouse moved event
[2026-04-24:19:29:14][INFO] Mouse moved event
[2026-04-24:19:29:14][INFO] Mouse moved event
[2026-04-24:19:29:14][INFO] Mouse moved event
[2026-04-24:19:29:14][INFO] Mouse button pressed event
[2026-04-24:19:29:15][INFO] Mouse button released event
[2026-04-24:19:29:16][INFO] Mouse button pressed event
[2026-04-24:19:29:18][INFO] Mouse button released event
[2026-04-24:19:29:20][INFO] Mouse moved event
[2026-04-24:19:29:20][INFO] Mouse moved event
[2026-04-24:19:29:20][INFO] Mouse moved event
[2026-04-24:19:29:20][INFO] Mouse moved event
[2026-04-24:19:29:20][INFO] Mouse moved event
[2026-04-24:19:29:20][INFO] Mouse moved event
[2026-04-24:19:29:20][INFO] Mouse moved event
[2026-04-24:19:29:20][INFO] Mouse moved event
[2026-04-24:19:29:20][INFO] Mouse moved event
[2026-04-24:19:29:20][INFO] Mouse moved event
[2026-04-24:19:29:20][INFO] Mouse moved event
[2026-04-24:19:29:20][INFO] Mouse moved event
[2026-04-24:19:29:20][INFO] Mouse moved event
[2026-04-24:19:29:20][INFO] Mouse button pressed event
[2026-04-24:19:29:20][INFO] Mouse button released event
[2026-04-24:19:29:27][INFO] Mouse moved event
[2026-04-24:19:29:27][INFO] Mouse moved event
[2026-04-24:19:29:27][INFO] Mouse moved event
[2026-04-24:19:29:27][INFO] Mouse moved event
[2026-04-24:19:29:27][INFO] Mouse moved event
[2026-04-24:19:29:27][INFO] Mouse moved event
[2026-04-24:19:29:27][INFO] Mouse moved event
[2026-04-24:19:29:27][INFO] Mouse moved event
[2026-04-24:19:29:27][INFO] Mouse moved event
[2026-04-24:19:29:27][INFO] Mouse moved event
[2026-04-24:19:29:27][INFO] Mouse moved event
[2026-04-24:19:29:27][INFO] Mouse moved event
[2026-04-24:19:29:27][INFO] Mouse moved event
[2026-04-24:19:29:27][INFO] Mouse moved event
[2026-04-24:19:29:27][INFO] Mouse moved event
[2026-04-24:19:29:27][INFO] Mouse moved event
[2026-04-24:19:29:27][INFO] Mouse moved event
[2026-04-24:19:29:27][INFO] Mouse moved event
[2026-04-24:19:29:27][INFO] Mouse moved event
[2026-04-24:19:29:27][INFO] Mouse moved event
[2026-04-24:19:29:27][INFO] Mouse moved event
[2026-04-24:19:29:27][INFO] Mouse moved event
[2026-04-24:19:29:27][INFO] Mouse moved event
[2026-04-24:19:29:27][INFO] Mouse moved event
[2026-04-24:19:29:28][INFO] Mouse moved event
[2026-04-24:19:29:28][INFO] Mouse moved event
[2026-04-24:19:29:28][INFO] Mouse moved event
[2026-04-24:19:29:28][INFO] Mouse moved event
[2026-04-24:19:29:28][INFO] Mouse moved event
[2026-04-24:19:29:28][INFO] Mouse moved event
[2026-04-24:19:29:28][INFO] Mouse moved event
[2026-04-24:19:29:28][INFO] Mouse moved event
[2026-04-24:19:29:28][INFO] Mouse moved event
[2026-04-24:19:29:28][INFO] Mouse moved event
[2026-04-24:19:29:28][INFO] Mouse moved event
[2026-04-24:19:29:28][INFO] Mouse moved event
[2026-04-24:19:29:28][INFO] Mouse moved event
[2026-04-24:19:29:28][INFO] Mouse moved event
[2026-04-24:19:29:28][INFO] Mouse moved event
[2026-04-24:19:29:28][INFO] Mouse moved event
[2026-04-24:19:29:28][INFO] Mouse moved event
[2026-04-24:19:29:28][INFO] Mouse moved event
[2026-04-24:19:29:28][INFO] Mouse moved event
[2026-04-24:19:29:28][INFO] Mouse moved event
[2026-04-24:19:29:28][INFO] Mouse moved event
[2026-04-24:19:29:28][INFO] Mouse moved event
[2026-04-24:19:29:28][INFO] Mouse moved event
[2026-04-24:19:29:28][INFO] Mouse moved event
[2026-04-24:19:29:28][INFO] Mouse moved event
[2026-04-24:19:29:28][INFO] Mouse moved event
[2026-04-24:19:29:28][INFO] Mouse moved event
[2026-04-24:19:29:28][INFO] Mouse moved event
[2026-04-24:19:29:28][INFO] Mouse moved event
[2026-04-24:19:29:28][INFO] Mouse moved event
[2026-04-24:19:29:28][INFO] Mouse moved event
[2026-04-24:19:29:28][INFO] Mouse moved event
[2026-04-24:19:29:28][INFO] Mouse moved event
[2026-04-24:19:29:28][INFO] Mouse moved event
[2026-04-24:19:29:28][INFO] Mouse moved event
[2026-04-24:19:29:28][INFO] Mouse moved event
[2026-04-24:19:29:28][INFO] Mouse moved event
[2026-04-24:19:29:28][INFO] Mouse moved event
[2026-04-24:19:29:28][INFO] Mouse moved event
[2026-04-24:19:29:28][INFO] Mouse moved event
[2026-04-24:19:29:28][INFO] Mouse moved event
[2026-04-24:19:29:28][INFO] Mouse moved event
[2026-04-24:19:29:28][INFO] Mouse moved event
[2026-04-24:19:29:28][INFO] Mouse moved event
[2026-04-24:19:29:28][INFO] Mouse moved event
[2026-04-24:19:29:28][INFO] Mouse moved event
[2026-04-24:19:29:28][INFO] Mouse moved event
[2026-04-24:19:29:29][INFO] Mouse moved event
[2026-04-24:19:29:29][INFO] Mouse moved event
[2026-04-24:19:29:29][INFO] Mouse moved event
[2026-04-24:19:29:29][INFO] Mouse moved event
[2026-04-24:19:29:29][INFO] Mouse moved event
[2026-04-24:19:29:29][INFO] Mouse moved event
[2026-04-24:19:29:29][INFO] Mouse moved event
[2026-04-24:19:29:29][INFO] Mouse moved event
[2026-04-24:19:29:29][INFO] Mouse moved event
[2026-04-24:19:29:29][INFO] Mouse moved event
[2026-04-24:19:29:29][INFO] Mouse moved event
[2026-04-24:19:29:29][INFO] Mouse moved event
[2026-04-24:19:29:29][INFO] Mouse moved event
[2026-04-24:19:29:29][INFO] Mouse moved event
[2026-04-24:19:29:29][INFO] Mouse moved event
[2026-04-24:19:29:29][INFO] Mouse moved event
[2026-04-24:19:29:29][INFO] Mouse moved event
[2026-04-24:19:29:29][INFO] Mouse moved event
[2026-04-24:19:29:29][INFO] Mouse moved event
[2026-04-24:19:29:29][INFO] Mouse moved event
[2026-04-24:19:29:29][INFO] Mouse moved event
[2026-04-24:19:29:29][INFO] Mouse moved event
[2026-04-24:19:29:29][INFO] Mouse moved event
[2026-04-24:19:29:29][INFO] Mouse moved event
[2026-04-24:19:29:29][INFO] Mouse moved event
[2026-04-24:19:29:29][INFO] Mouse moved event
[2026-04-24:19:29:29][INFO] Mouse moved event
[2026-04-24:19:29:29][INFO] Mouse moved event
[2026-04-24:19:29:29][INFO] Mouse moved event
[2026-04-24:19:29:29][INFO] Mouse moved event
[2026-04-24:19:29:29][INFO] Mouse moved event
[2026-04-24:19:29:29][INFO] Mouse moved event
[2026-04-24:19:29:29][INFO] Mouse moved event
[2026-04-24:19:29:29][INFO] Mouse moved event
[2026-04-24:19:29:29][INFO] Mouse moved event
[2026-04-24:19:29:29][INFO] Mouse moved event
[2026-04-24:19:29:29][INFO] Mouse moved event
[2026-04-24:19:29:29][INFO] Mouse moved event
[2026-04-24:19:29:29][INFO] Mouse moved event
[2026-04-24:19:29:29][INFO] Mouse moved event
[2026-04-24:19:29:29][INFO] Mouse moved event
[2026-04-24:19:29:29][INFO] Mouse moved event
[2026-04-24:19:29:29][INFO] Mouse moved event
[2026-04-24:19:29:29][INFO] Mouse moved event
[2026-04-24:19:29:29][INFO] Mouse moved event
[2026-04-24:19:29:29][INFO] Mouse moved event
[2026-04-24:19:29:29][INFO] Mouse moved event
[2026-04-24:19:29:44][INFO] Mouse moved event
[2026-04-24:19:29:44][INFO] Mouse moved event
[2026-04-24:19:29:44][INFO] Mouse moved event
[2026-04-24:19:29:44][INFO] Mouse moved event
[2026-04-24:19:29:44][INFO] Mouse moved event
[2026-04-24:19:29:44][INFO] Mouse moved event
[2026-04-24:19:29:44][INFO] Mouse moved event
[2026-04-24:19:29:44][INFO] Mouse moved event
[2026-04-24:19:29:44][INFO] Mouse moved event
[2026-04-24:19:29:44][INFO] Mouse moved event
[2026-04-24:19:29:44][INFO] Mouse moved event
[2026-04-24:19:29:44][INFO] Mouse moved event
[2026-04-24:19:29:44][INFO] Mouse moved event
[2026-04-24:19:29:44][INFO] Mouse moved event
[2026-04-24:19:29:44][INFO] Mouse moved event
[2026-04-24:19:29:44][INFO] Mouse moved event
[2026-04-24:19:29:44][INFO] Mouse moved event
[2026-04-24:19:29:44][INFO] Mouse moved event
[2026-04-24:19:29:44][INFO] Mouse moved event
[2026-04-24:19:29:44][INFO] Mouse moved event
[2026-04-24:19:29:44][INFO] Mouse moved event
[2026-04-24:19:29:44][INFO] Mouse moved event
[2026-04-24:19:29:44][INFO] Mouse moved event
[2026-04-24:19:29:44][INFO] Mouse moved event
[2026-04-24:19:37:28][INFO] LITEC engine is starting. Welcome!

[2026-04-24:19:37:28][INFO] LITEC Engine created new window
[2026-04-24:19:37:29][INFO] Mouse moved event
[2026-04-24:19:37:29][INFO] Mouse moved event
[2026-04-24:19:37:29][INFO] Mouse moved event
[2026-04-24:19:37:29][INFO] Mouse moved event
[2026-04-24:19:37:29][INFO] Mouse moved event
[2026-04-24:19:37:29][INFO] Mouse moved event
[2026-04-24:19:37:29][INFO] Mouse moved event
[2026-04-24:19:37:29][INFO] Mouse moved event
[2026-04-24:19:37:29][INFO] Mouse moved event
[2026-04-24:19:37:29][INFO] Mouse moved event
[2026-04-24:19:37:29][INFO] Mouse moved event
[2026-04-24:19:37:29][INFO] Mouse moved event
[2026-04-24:19:37:29][INFO] Mouse moved event
[2026-04-24:19:37:29][INFO] Mouse moved event
[2026-04-24:19:37:29][INFO] Mouse moved event
[2026-04-24:19:37:29][INFO] Mouse moved event
[2026-04-24:19:37:29][INFO] Mouse moved event
[2026-04-24:19:37:29][INFO] Mouse moved event
[2026-04-24:19:37:29][INFO] Mouse moved event
[2026-04-24:19:37:29][INFO] Mouse moved event
[2026-04-24:19:37:29][INFO] Mouse moved event
[2026-04-24:19:37:29][INFO] Mouse moved event
[2026-04-24:19:37:29][INFO] Mouse moved event
[2026-04-24:19:37:29][INFO] Mouse moved event
[2026-04-24:19:37:29][INFO] Mouse moved event
[2026-04-24:19:37:29][INFO] Mouse moved event
[2026-04-24:19:37:29][INFO] Mouse moved event
[2026-04-24:19:37:29][INFO] Mouse moved event
[2026-04-24:19:37:29][INFO] Mouse moved event
[2026-04-24:19:37:29][INFO] Mouse moved event
[2026-04-24:19:37:29][INFO] Mouse moved event
[2026-04-24:19:37:29][INFO] Mouse moved event
[2026-04-24:19:37:29][INFO] Mouse moved event
[2026-04-24:19:37:29][INFO] Mouse moved event
[2026-04-24:19:37:29][INFO] Mouse moved event
[2026-04-24:19:37:29][INFO] Mouse moved event
[2026-04-24:19:37:29][INFO] Mouse moved event
[2026-04-24:19:37:29][INFO] Mouse moved event
[2026-04-24:19:37:29][INFO] Mouse moved event
[2026-04-24:19:37:29][INFO] Mouse moved event
[2026-04-24:19:37:29][INFO] Mouse moved event
[2026-04-24:19:37:29][INFO] Mouse moved event
[2026-04-24:19:37:29][INFO] Mouse moved event
[2026-04-24:19:37:29][INFO] Mouse moved event
[2026-04-24:19:37:29][INFO] Mouse moved event
[2026-04-24:19:37:29][INFO] Mouse moved event
[2026-04-24:19:37:29][INFO] Mouse moved event
[2026-04-24:19:37:29][INFO] Mouse moved event
[2026-04-24:19:37:29][INFO] Mouse moved event
[2026-04-24:19:37:29][INFO] Mouse moved event
[2026-04-24:19:37:29][INFO] Mouse moved event
[2026-04-24:19:37:29][INFO] Mouse moved event
[2026-04-24:19:37:29][INFO] Mouse moved event
[2026-04-24:19:37:29][INFO] Mouse moved event
[2026-04-24:19:37:29][INFO] Mouse moved event
[2026-04-24:19:37:29][INFO] Mouse moved event
[2026-04-24:19:37:29][INFO] Mouse moved event
[2026-04-24:19:37:29][INFO] Mouse moved event
[2026-04-24:19:37:29][INFO] Mouse moved event
[2026-04-24:19:37:30][INFO] Mouse moved event
[2026-04-24:19:37:30][INFO] Mouse moved event
[2026-04-24:19:37:30][INFO] Mouse moved event
[2026-04-24:19:37:32][INFO] Mouse moved event
[2026-04-24:19:37:32][INFO] Mouse moved event
[2026-04-24:19:37:32][INFO] Mouse moved event
[2026-04-24:19:37:32][INFO] Mouse moved event
[2026-04-24:19:37:32][INFO] Mouse moved event
[2026-04-24:19:37:32][INFO] Mouse moved event
[2026-04-24:19:37:32][INFO] Mouse moved event
[2026-04-24:19:37:32][INFO] Mouse moved event
[2026-04-24:19:37:32][INFO] Mouse moved event
[2026-04-24:19:37:32][INFO] Mouse moved event
[2026-04-24:19:37:32][INFO] Mouse moved event
[2026-04-24:19:37:32][INFO] Mouse moved event
[2026-04-24:19:37:32][INFO] Mouse moved event
[2026-04-24:19:37:32][INFO] Mouse moved event
[2026-04-24:19:37:32][INFO] Mouse moved event
[2026-04-24:19:37:32][INFO] Mouse moved event
[2026-04-24:19:37:32][INFO] Mouse moved event
[2026-04-24:19:37:32][INFO] Mouse moved event
[2026-04-24:19:37:32][INFO] Mouse moved event
[2026-04-24:19:37:32][INFO] Mouse moved event
[2026-04-24:19:37:32][INFO] Mouse moved event
[2026-04-24:19:37:33][INFO] Mouse moved event
[2026-04-24:19:37:33][INFO] Mouse moved event
[2026-04-24:19:37:33][INFO] Mouse moved event
[2026-04-24:19:37:33][INFO] Mouse moved event
[2026-04-24:19:37:33][INFO] Mouse moved event
[2026-04-24:19:37:33][INFO] Mouse moved event
[2026-04-24:19:37:33][INFO] Mouse moved event
[2026-04-24:19:37:33][INFO] Mouse moved event
[2026-04-24:19:37:33][INFO] Mouse moved event
[2026-04-24:19:37:33][INFO] Mouse moved event
[2026-04-24:19:37:33][INFO] Mouse moved event
[2026-04-24:19:37:33][INFO] Mouse moved event
[2026-04-24:19:37:33][INFO] Mouse moved event
[2026-04-24:19:37:33][INFO] Mouse moved event
[2026-04-24:19:37:33][INFO] Mouse moved event
[2026-04-24:19:37:33][INFO] Mouse moved event
[2026-04-24:19:37:33][INFO] Mouse moved event
[2026-04-24:19:37:33][INFO] Mouse moved event
[2026-04-24:19:37:33][INFO] Mouse moved event
[2026-04-24:19:37:33][INFO] Mouse moved event
[2026-04-24:19:37:33][INFO] Mouse moved event
[2026-04-24:19:37:33][INFO] Mouse moved event
[2026-04-24:19:37:33][INFO] Mouse moved event
[2026-04-24:19:37:33][INFO] Mouse moved event
[2026-04-24:19:37:33][INFO] Mouse moved event
[2026-04-24:19:37:33][INFO] Mouse moved event
[2026-04-24:19:37:33][INFO] Mouse moved event
[2026-04-24:19:37:33][INFO] Mouse moved event
[2026-04-24:19:37:33][INFO] Mouse moved event
[2026-04-24:19:37:33][INFO] Mouse moved event
[2026-04-24:19:37:33][INFO] Mouse moved event
[2026-04-24:19:37:33][INFO] Mouse moved event
[2026-04-24:19:37:33][INFO] Mouse moved event
[2026-04-24:19:37:33][INFO] Mouse moved event
[2026-04-24:19:37:34][INFO] Mouse button pressed event
[2026-04-24:19:37:34][INFO] Mouse button released event
[2026-04-24:19:37:36][INFO] Mouse button pressed event
[2026-04-24:19:37:36][INFO] Mouse button released event
[2026-04-24:19:37:39][INFO] Mouse button pressed event
[2026-04-24:19:37:39][INFO] Mouse button released event
[2026-04-24:19:37:42][INFO] Mouse moved event
[2026-04-24:19:37:42][INFO] Mouse moved event
[2026-04-24:19:37:42][INFO] Mouse moved event
[2026-04-24:19:37:42][INFO] Mouse moved event
[2026-04-24:19:37:42][INFO] Mouse moved event
[2026-04-24:19:37:42][INFO] Mouse moved event
[2026-04-24:19:37:42][INFO] Mouse moved event
[2026-04-24:19:37:42][INFO] Mouse moved event
[2026-04-24:19:37:42][INFO] Mouse moved event
[2026-04-24:19:37:42][INFO] Mouse moved event
[2026-04-24:19:37:42][INFO] Mouse moved event
[2026-04-24:19:37:42][INFO] Mouse moved event
[2026-04-24:19:37:42][INFO] Mouse moved event
[2026-04-24:19:37:42][INFO] Mouse moved event
[2026-04-24:19:37:42][INFO] Mouse moved event
[2026-04-24:19:37:42][INFO] Mouse moved event
[2026-04-24:19:37:42][INFO] Mouse moved event
[2026-04-24:19:37:42][INFO] Mouse moved event
[2026-04-24:19:37:42][INFO] Mouse moved event
[2026-04-24:19:37:42][INFO] Mouse moved event
[2026-04-24:19:37:42][INFO] Mouse moved event
[2026-04-24:19:37:42][INFO] Mouse moved event
[2026-04-24:19:37:42][INFO] Mouse moved event
[2026-04-24:19:37:42][INFO] Mouse moved event
[2026-04-24:19:37:43][INFO] Mouse moved event
[2026-04-24:19:37:43][INFO] Mouse moved event
[2026-04-24:19:37:43][INFO] Mouse moved event
[2026-04-24:19:37:43][INFO] Mouse moved event
[2026-04-24:19:37:43][INFO] Mouse moved event
[2026-04-24:19:37:43][INFO] Mouse moved event
[2026-04-24:19:37:43][INFO] Mouse moved event
[2026-04-24:19:37:43][INFO] Mouse moved event
[2026-04-24:19:37:43][INFO] Mouse moved event
[2026-04-24:19:37:43][INFO] Mouse moved event
[2026-04-24:19:37:43][INFO] Mouse moved event
[2026-04-24:19:37:43][INFO] Mouse moved event
[2026-04-24:19:37:43][INFO] Mouse moved event
[2026-04-24:19:37:43][INFO] Mouse moved event
[2026-04-24:19:37:43][INFO] Mouse moved event
[2026-04-24:19:37:43][INFO] Mouse moved event
[2026-04-24:19:37:43][INFO] Mouse moved event
[2026-04-24:19:37:43][INFO] Mouse moved event
[2026-04-24:19:37:43][INFO] Mouse moved event
[2026-04-24:19:37:43][INFO] Mouse moved event
[2026-04-24:19:37:43][INFO] Mouse moved event
[2026-04-24:19:37:43][INFO] Mouse moved event
[2026-04-24:19:37:43][INFO] Mouse moved event
[2026-04-24:19:37:43][INFO] Mouse moved event
[2026-04-24:19:37:43][INFO] Mouse moved event
[2026-04-24:19:37:43][INFO] Mouse moved event
[2026-04-24:19:37:43][INFO] Mouse moved event
[2026-04-24:19:37:43][INFO] Mouse moved event
[2026-04-24:19:37:43][INFO] Mouse moved event
[2026-04-24:19:37:43][INFO] Mouse moved event
[2026-04-24:19:37:43][INFO] Mouse moved event
[2026-04-24:19:37:43][INFO] Mouse moved event
[2026-04-24:19:37:43][INFO] Mouse moved event
[2026-04-24:19:37:43][INFO] Mouse moved event
[2026-04-24:19:37:44][INFO] Mouse scrolled event
[2026-04-24:19:37:44][INFO] Mouse scrolled event
[2026-04-24:19:37:44][INFO] Mouse scrolled event
[2026-04-24:19:37:44][INFO] Mouse scrolled event
[2026-04-24:19:37:44][INFO] Mouse scrolled event
[2026-04-24:19:37:44][INFO] Mouse scrolled event
[2026-04-24:19:37:44][INFO] Mouse scrolled event
[2026-04-24:19:37:44][INFO] Mouse scrolled event
[2026-04-24:19:37:44][INFO] Mouse scrolled event
[2026-04-24:19:37:44][INFO] Mouse scrolled event
[2026-04-24:19:37:44][INFO] Mouse scrolled event
[2026-04-24:19:37:44][INFO] Mouse scrolled event
[2026-04-24:19:37:44][INFO] Mouse scrolled event
[2026-04-24:19:37:44][INFO] Mouse scrolled event
[2026-04-24:19:37:44][INFO] Mouse scrolled event
[2026-04-24:19:37:44][INFO] Mouse scrolled event
[2026-04-24:19:37:44][INFO] Mouse scrolled event
[2026-04-24:19:37:44][INFO] Mouse scrolled event
[2026-04-24:19:37:44][INFO] Mouse scrolled event
[2026-04-24:19:37:44][INFO] Mouse scrolled event
[2026-04-24:19:37:44][INFO] Mouse scrolled event
[2026-04-24:19:37:44][INFO] Mouse scrolled event
[2026-04-24:19:37:44][INFO] Mouse scrolled event
[2026-04-24:19:37:44][INFO] Mouse scrolled event
[2026-04-24:19:37:44][INFO] Mouse scrolled event
[2026-04-24:19:37:44][INFO] Mouse scrolled event
[2026-04-24:19:37:44][INFO] Mouse scrolled event
[2026-04-24:19:37:44][INFO] Mouse scrolled event
[2026-04-24:19:37:44][INFO] Mouse scrolled event
[2026-04-24:19:37:44][INFO] Mouse scrolled event
[2026-04-24:19:37:44][INFO] Mouse scrolled event
[2026-04-24:19:37:44][INFO] Mouse scrolled event
[2026-04-24:19:37:44][INFO] Mouse scrolled event
[2026-04-24:19:37:44][INFO] Mouse scrolled event
[2026-04-24:19:37:44][INFO] Mouse scrolled event
[2026-04-24:19:37:44][INFO] Mouse scrolled event
[2026-04-24:19:37:44][INFO] Mouse scrolled event
[2026-04-24:19:37:44][INFO] Mouse scrolled event
[2026-04-24:19:37:44][INFO] Mouse scrolled event
[2026-04-24:19:37:44][INFO] Mouse scrolled event
[2026-04-24:19:37:44][INFO] Mouse scrolled event
[2026-04-24:19:37:45][INFO] Mouse scrolled event
[2026-04-24:19:37:45][INFO] Mouse scrolled event
[2026-04-24:19:37:45][INFO] Mouse scrolled event
[2026-04-24:19:37:45][INFO] Mouse scrolled event
[2026-04-24:19:37:45][INFO] Mouse scrolled event
[2026-04-24:19:37:45][INFO] Mouse scrolled event
[2026-04-24:19:37:45][INFO] Mouse scrolled event
[2026-04-24:19:37:45][INFO] Mouse scrolled event
[2026-04-24:19:37:45][INFO] Mouse scrolled event
[2026-04-24:19:37:45][INFO] Mouse scrolled event
[2026-04-24:19:37:45][INFO] Mouse scrolled event
[2026-04-24:19:37:45][INFO] Mouse moved event
[2026-04-24:19:37:45][INFO] Mouse moved event
[2026-04-24:19:37:45][INFO] Mouse moved event
[2026-04-24:19:37:45][INFO] Mouse moved event
[2026-04-24:19:37:45][INFO] Mouse moved event
[2026-04-24:19:37:45][INFO] Mouse moved event
[2026-04-24:19:37:45][INFO] Mouse moved event
[2026-04-24:19:37:45][INFO] Mouse moved event
[2026-04-24:19:37:45][INFO] Mouse moved event
[2026-04-24:19:37:45][INFO] Mouse moved event
[2026-04-24:19:37:45][INFO] Mouse moved event
[2026-04-24:19:37:45][INFO] Mouse moved event
[2026-04-24:19:37:45][INFO] Mouse moved event
[2026-04-24:19:37:45][INFO] Mouse moved event
[2026-04-24:19:37:45][INFO] Mouse moved event
[2026-04-24:19:37:48][INFO] Closing window
[2026-04-24:19:37:48][INFO] LITEC engine is shutting down. Goodbye!

[2026-04-24:19:39:02][INFO] LITEC engine is starting. Welcome!

[2026-04-24:19:39:03][INFO] LITEC Engine created new window
[2026-04-24:19:39:05][INFO] Mouse moved event
[2026-04-24:19:39:05][INFO] Mouse moved event
[2026-04-24:19:39:05][INFO] Mouse moved event
[2026-04-24:19:39:05][INFO] Mouse moved event
[2026-04-24:19:39:05][INFO] Mouse moved event
[2026-04-24:19:39:05][INFO] Mouse moved event
[2026-04-24:19:39:05][INFO] Mouse moved event
[2026-04-24:19:39:05][INFO] Mouse moved event
[2026-04-24:19:39:05][INFO] Mouse moved event
[2026-04-24:19:39:05][INFO] Mouse moved event
[2026-04-24:19:39:05][INFO] Mouse moved event
[2026-04-24:19:39:05][INFO] Mouse moved event
[2026-04-24:19:39:05][INFO] Mouse moved event
[2026-04-24:19:39:05][INFO] Mouse moved event
[2026-04-24:19:39:05][INFO] Mouse moved event
[2026-04-24:19:39:05][INFO] Mouse moved event
[2026-04-24:19:39:05][INFO] Mouse moved event
[2026-04-24:19:39:05][INFO] Mouse moved event
[2026-04-24:19:39:05][INFO] Mouse moved event
[2026-04-24:19:39:05][INFO] Mouse moved event
[2026-04-24:19:39:05][INFO] Mouse moved event
[2026-04-24:19:39:05][INFO] Mouse moved event
[2026-04-24:19:39:05][INFO] Mouse moved event
[2026-04-24:19:39:05][INFO] Mouse moved event
[2026-04-24:19:39:05][INFO] Mouse moved event
[2026-04-24:19:39:05][INFO] Mouse moved event
[2026-04-24:19:39:05][INFO] Mouse moved event
[2026-04-24:19:39:05][INFO] Mouse moved event
[2026-04-24:19:39:05][INFO] Mouse moved event
[2026-04-24:19:39:05][INFO] Mouse moved event
[2026-04-24:19:39:05][INFO] Mouse moved event
[2026-04-24:19:39:05][INFO] Mouse moved event
[2026-04-24:19:39:05][INFO] Mouse moved event
[2026-04-24:19:39:05][INFO] Mouse moved event
[2026-04-24:19:39:05][INFO] Mouse moved event
[2026-04-24:19:39:05][INFO] Mouse moved event
[2026-04-24:19:39:05][INFO] Mouse moved event
[2026-04-24:19:39:05][INFO] Mouse moved event
[2026-04-24:19:39:05][INFO] Mouse moved event
[2026-04-24:19:39:05][INFO] Mouse moved event
[2026-04-24:19:39:05][INFO] Mouse moved event
[2026-04-24:19:39:05][INFO] Mouse moved event
[2026-04-24:19:39:05][INFO] Mouse moved event
[2026-04-24:19:39:05][INFO] Mouse moved event
[2026-04-24:19:39:05][INFO] Mouse moved event
[2026-04-24:19:39:05][INFO] Mouse moved event
[2026-04-24:19:39:05][INFO] Mouse moved event
[2026-04-24:19:39:05][INFO] Mouse moved event
[2026-04-24:19:39:05][INFO] Mouse moved event
[2026-04-24:19:39:05][INFO] Mouse moved event
[2026-04-24:19:39:05][INFO] Mouse moved event
[2026-04-24:19:39:05][INFO] Mouse moved event
[2026-04-24:19:39:05][INFO] Mouse moved event
[2026-04-24:19:39:05][INFO] Mouse moved event
[2026-04-24:19:39:05][INFO] Mouse moved event
[2026-04-24:19:39:05][INFO] Mouse moved event
[2026-04-24:19:39:05][INFO] Mouse moved event
[2026-04-24:19:39:05][INFO] Mouse moved event
[2026-04-24:19:39:05][INFO] Mouse moved event
[2026-04-24:19:39:05][INFO] Mouse moved event
[2026-04-24:19:39:05][INFO] Mouse moved event
[2026-04-24:19:39:05][INFO] Mouse moved event
[2026-04-24:19:39:05][INFO] Mouse moved event
[2026-04-24:19:39:05][INFO] Mouse moved event
[2026-04-24:19:39:05][INFO] Mouse moved event
[2026-04-24:19:39:05][INFO] Mouse moved event
[2026-04-24:19:39:05][INFO] Mouse moved event
[2026-04-24:19:39:05][INFO] Mouse moved event
[2026-04-24:19:39:05][INFO] Mouse moved event
[2026-04-24:19:39:05][INFO] Mouse moved event
[2026-04-24:19:39:05][INFO] Mouse moved event
[2026-04-24:19:39:05][INFO] Mouse moved event
[2026-04-24:19:39:05][INFO] Mouse moved event
[2026-04-24:19:39:05][INFO] Mouse moved event
[2026-04-24:19:39:05][INFO] Mouse moved event
[2026-04-24:19:39:05][INFO] Mouse moved event
[2026-04-24:19:39:06][INFO] Mouse moved event
[2026-04-24:19:39:06][INFO] Mouse moved event
[2026-04-24:19:39:06][INFO] Mouse moved event
[2026-04-24:19:39:06][INFO] Mouse moved event
[2026-04-24:19:39:07][INFO] Mouse button pressed event
[2026-04-24:19:39:07][INFO] Mouse button released event
[2026-04-24:19:39:13][INFO] Mouse moved event
[2026-04-24:19:39:13][INFO] Mouse moved event
[2026-04-24:19:39:13][INFO] Mouse moved event
[2026-04-24:19:39:13][INFO] Mouse moved event
[2026-04-24:19:39:13][INFO] Mouse moved event
[2026-04-24:19:39:13][INFO] Mouse moved event
[2026-04-24:19:39:13][INFO] Mouse moved event
[2026-04-24:19:39:13][INFO] Mouse moved event
[2026-04-24:19:39:13][INFO] Mouse moved event
[2026-04-24:19:39:13][INFO] Mouse moved event
[2026-04-24:19:39:13][INFO] Mouse moved event
[2026-04-24:19:39:13][INFO] Mouse moved event
[2026-04-24:19:39:13][INFO] Mouse moved event
[2026-04-24:19:39:13][INFO] Mouse moved event
[2026-04-24:19:39:13][INFO] Mouse moved event
[2026-04-24:19:39:13][INFO] Mouse moved event
[2026-04-24:19:39:13][INFO] Mouse moved event
[2026-04-24:19:39:13][INFO] Mouse moved event
[2026-04-24:19:39:13][INFO] Mouse moved event
[2026-04-24:19:39:13][INFO] Mouse moved event
[2026-04-24:19:39:13][INFO] Mouse moved event
[2026-04-24:19:39:13][INFO] Mouse moved event
[2026-04-24:19:39:13][INFO] Mouse moved event
[2026-04-24:19:39:13][INFO] Mouse moved event
[2026-04-24:19:39:13][INFO] Mouse moved event
[2026-04-24:19:39:13][INFO] Mouse moved event
[2026-04-24:19:39:13][INFO] Mouse moved event
[2026-04-24:19:39:13][INFO] Mouse moved event
[2026-04-24:19:39:13][INFO] Mouse moved event
[2026-04-24:19:39:13][INFO] Mouse moved event
[2026-04-24:19:39:13][INFO] Mouse moved event
[2026-04-24:19:39:13][INFO] Mouse moved event
[2026-04-24:19:39:13][INFO] Mouse moved event
[2026-04-24:19:39:13][INFO] Mouse moved event
[2026-04-24:19:39:13][INFO] Mouse moved event
[2026-04-24:19:39:13][INFO] Mouse moved event
[2026-04-24:19:39:13][INFO] Mouse moved event
[2026-04-24:19:39:13][INFO] Mouse moved event
[2026-04-24:19:39:13][INFO] Mouse moved event
[2026-04-24:19:39:13][INFO] Mouse moved event
[2026-04-24:19:39:13][INFO] Mouse moved event
[2026-04-24:19:39:13][INFO] Mouse moved event
[2026-04-24:19:39:13][INFO] Mouse moved event
[2026-04-24:19:39:13][INFO] Mouse moved event
[2026-04-24:19:39:13][INFO] Mouse moved event
[2026-04-24:19:39:13][INFO] Mouse moved event
[2026-04-24:19:39:13][INFO] Mouse moved event
[2026-04-24:19:39:13][INFO] Mouse moved event
[2026-04-24:19:39:13][INFO] Mouse moved event
[2026-04-24:19:39:13][INFO] Mouse moved event
[2026-04-24:19:39:13][INFO] Mouse moved event
[2026-04-24:19:39:13][INFO] Mouse moved event
[2026-04-24:19:39:13][INFO] Mouse moved event
[2026-04-24:19:39:13][INFO] Mouse moved event
[2026-04-24:19:39:13][INFO] Mouse moved event
[2026-04-24:19:39:13][INFO] Mouse moved event
[2026-04-24:19:39:13][INFO] Mouse moved event
[2026-04-24:19:39:13][INFO] Mouse moved event
[2026-04-24:19:39:13][INFO] Mouse moved event
[2026-04-24:19:39:13][INFO] Mouse moved event
[2026-04-24:19:39:13][INFO] Mouse moved event
[2026-04-24:19:39:13][INFO] Mouse moved event
[2026-04-24:19:39:13][INFO] Mouse moved event
[2026-04-24:19:39:13][INFO] Mouse moved event
[2026-04-24:19:39:13][INFO] Mouse moved event
[2026-04-24:19:39:13][INFO] Mouse moved event
[2026-04-24:19:39:13][INFO] Mouse moved event
[2026-04-24:19:39:13][INFO] Mouse moved event
[2026-04-24:19:39:13][INFO] Mouse moved event
[2026-04-24:19:39:13][INFO] Mouse moved event
[2026-04-24:19:39:13][INFO] Mouse moved event
[2026-04-24:19:39:13][INFO] Mouse moved event
[2026-04-24:19:39:13][INFO] Mouse moved event
[2026-04-24:19:39:13][INFO] Mouse moved event
[2026-04-24:19:39:13][INFO] Mouse moved event
[2026-04-24:19:39:13][INFO] Mouse moved event
[2026-04-24:19:39:13][INFO] Mouse moved event
[2026-04-24:19:39:13][INFO] Mouse moved event
[2026-04-24:19:39:13][INFO] Mouse moved event
[2026-04-24:19:39:13][INFO] Mouse moved event
[2026-04-24:19:39:13][INFO] Mouse moved event
[2026-04-24:19:39:13][INFO] Mouse moved event
[2026-04-24:19:39:13][INFO] Mouse moved event
[2026-04-24:19:39:13][INFO] Mouse moved event
[2026-04-24:19:39:13][INFO] Mouse moved event
[2026-04-24:19:39:13][INFO] Mouse moved event
[2026-04-24:19:39:21][INFO] Mouse moved event
[2026-04-24:19:39:21][INFO] Mouse moved event
[2026-04-24:19:39:21][INFO] Mouse moved event
[2026-04-24:19:39:21][INFO] Mouse moved event
[2026-04-24:19:39:21][INFO] Mouse moved event
[2026-04-24:19:39:21][INFO] Mouse moved event
[2026-04-24:19:39:21][INFO] Mouse moved event
[2026-04-24:19:39:21][INFO] Mouse moved event
[2026-04-24:19:39:21][INFO] Mouse moved event
[2026-04-24:19:39:21][INFO] Mouse moved event
[2026-04-24:19:39:21][INFO] Mouse moved event
[2026-04-24:19:39:21][INFO] Mouse moved event
[2026-04-24:19:39:21][INFO] Mouse moved event
[2026-04-24:19:39:21][INFO] Mouse moved event
[2026-04-24:19:39:21][INFO] Mouse moved event
[2026-04-24:19:39:21][INFO] Mouse moved event
[2026-04-24:19:39:21][INFO] Mouse moved event
[2026-04-24:19:39:21][INFO] Mouse moved event
[2026-04-24:19:39:21][INFO] Mouse moved event
[2026-04-24:19:39:21][INFO] Mouse moved event
[2026-04-24:19:39:21][INFO] Mouse moved event
[2026-04-24:19:39:21][INFO] Mouse moved event
[2026-04-24:19:39:21][INFO] Mouse moved event
[2026-04-24:19:39:21][INFO] Mouse moved event
[2026-04-24:19:39:21][INFO] Mouse moved event
[2026-04-24:19:39:21][INFO] Mouse moved event
[2026-04-24:19:39:21][INFO] Mouse moved event
[2026-04-24:19:39:21][INFO] Mouse moved event
[2026-04-24:19:39:21][INFO] Mouse moved event
[2026-04-24:19:39:21][INFO] Mouse moved event
[2026-04-24:19:39:21][INFO] Mouse moved event
[2026-04-24:19:39:21][INFO] Mouse moved event
[2026-04-24:19:39:21][INFO] Mouse moved event
[2026-04-24:19:39:21][INFO] Mouse moved event
[2026-04-24:19:39:21][INFO] Mouse moved event
[2026-04-24:19:39:21][INFO] Mouse moved event
[2026-04-24:19:39:21][INFO] Mouse moved event
[2026-04-24:19:39:21][INFO] Mouse moved event
[2026-04-24:19:39:21][INFO] Mouse moved event
[2026-04-24:19:39:21][INFO] Mouse moved event
[2026-04-24:19:39:21][INFO] Mouse moved event
[2026-04-24:19:39:21][INFO] Mouse moved event
[2026-04-24:19:39:21][INFO] Mouse moved event
[2026-04-24:19:39:21][INFO] Mouse moved event
[2026-04-24:19:39:21][INFO] Mouse moved event
[2026-04-24:19:39:21][INFO] Mouse moved event
[2026-04-24:19:39:21][INFO] Mouse moved event
[2026-04-24:19:39:21][INFO] Mouse moved event
[2026-04-24:19:39:21][INFO] Mouse moved event
[2026-04-24:19:39:21][INFO] Mouse moved event
[2026-04-24:19:39:21][INFO] Mouse moved event
[2026-04-24:19:39:21][INFO] Mouse moved event
[2026-04-24:19:39:21][INFO] Mouse moved event
[2026-04-24:19:39:21][INFO] Mouse moved event
[2026-04-24:19:39:21][INFO] Mouse moved event
[2026-04-24:19:39:21][INFO] Mouse moved event
[2026-04-24:19:39:21][INFO] Mouse moved event
[2026-04-24:19:39:21][INFO] Mouse moved event
[2026-04-24:19:39:21][INFO] Mouse moved event
[2026-04-24:19:39:21][INFO] Mouse moved event
[2026-04-24:19:39:21][INFO] Mouse moved event
[2026-04-24:19:39:23][INFO] Mouse button pressed event
[2026-04-24:19:39:23][INFO] Mouse button released event
[2026-04-24:19:39:40][INFO] Mouse scrolled event
[2026-04-24:19:39:40][INFO] Mouse scrolled event
[2026-04-24:19:39:40][INFO] Mouse scrolled event
[2026-04-24:19:39:40][INFO] Mouse scrolled event
[2026-04-24:19:39:40][INFO] Mouse scrolled event
[2026-04-24:19:39:40][INFO] Mouse scrolled event
[2026-04-24:19:39:40][INFO] Mouse scrolled event
[2026-04-24:19:39:40][INFO] Mouse scrolled event
[2026-04-24:19:39:40][INFO] Mouse scrolled event
[2026-04-24:19:39:40][INFO] Mouse scrolled event
[2026-04-24:19:39:40][INFO] Mouse scrolled event
[2026-04-24:19:39:40][INFO] Mouse scrolled event
[2026-04-24:19:39:51][INFO] Mouse moved event
[2026-04-24:19:39:51][INFO] Mouse moved event
[2026-04-24:19:39:51][INFO] Mouse moved event
[2026-04-24:19:39:51][INFO] Mouse moved event
[2026-04-24:19:39:51][INFO] Mouse moved event
[2026-04-24:19:39:51][INFO] Mouse moved event
[2026-04-24:19:39:51][INFO] Mouse moved event
[2026-04-24:19:39:51][INFO] Mouse moved event
[2026-04-24:19:39:51][INFO] Mouse moved event
[2026-04-24:19:39:51][INFO] Mouse moved event
[2026-04-24:19:39:51][INFO] Mouse moved event
[2026-04-24:19:39:51][INFO] Mouse moved event
[2026-04-24:19:39:51][INFO] Mouse moved event
[2026-04-24:19:39:51][INFO] Mouse moved event
[2026-04-24:19:39:51][INFO] Mouse moved event
[2026-04-24:19:39:51][INFO] Mouse moved event
[2026-04-24:19:39:51][INFO] Mouse moved event
[2026-04-24:19:39:51][INFO] Mouse moved event
[2026-04-24:19:39:51][INFO] Mouse moved event
[2026-04-24:19:39:51][INFO] Mouse moved event
[2026-04-24:19:39:51][INFO] Mouse moved event
[2026-04-24:19:39:51][INFO] Mouse moved event
[2026-04-24:19:39:51][INFO] Mouse moved event
[2026-04-24:19:39:51][INFO] Mouse moved event
[2026-04-24:19:39:51][INFO] Mouse moved event
[2026-04-24:19:39:51][INFO] Mouse moved event
[2026-04-24:19:39:51][INFO] Mouse moved event
[2026-04-24:19:39:51][INFO] Mouse moved event
[2026-04-24:19:39:51][INFO] Mouse moved event
[2026-04-24:19:39:51][INFO] Mouse moved event
[2026-04-24:19:39:51][INFO] Mouse moved event
[2026-04-24:19:39:51][INFO] Mouse moved event
[2026-04-24:19:39:51][INFO] Mouse moved event
[2026-04-24:19:39:51][INFO] Mouse moved event
[2026-04-24:19:39:51][INFO] Mouse moved event
[2026-04-24:19:39:51][INFO] Mouse moved event
[2026-04-24:19:39:51][INFO] Mouse moved event
[2026-04-24:19:39:51][INFO] Mouse moved event
[2026-04-24:19:39:51][INFO] Mouse moved event
[2026-04-24:19:39:51][INFO] Mouse moved event
[2026-04-24:19:39:51][INFO] Mouse moved event
[2026-04-24:19:39:51][INFO] Mouse moved event
[2026-04-24:19:39:51][INFO] Mouse moved event
[2026-04-24:19:39:51][INFO] Mouse moved event
[2026-04-24:19:39:51][INFO] Mouse moved event
[2026-04-24:19:39:51][INFO] Mouse moved event
[2026-04-24:19:39:51][INFO] Mouse moved event
[2026-04-24:19:39:51][INFO] Mouse moved event
[2026-04-24:19:39:51][INFO] Mouse moved event
[2026-04-24:19:39:51][INFO] Mouse moved event
[2026-04-24:19:39:51][INFO] Mouse moved event
[2026-04-24:19:39:51][INFO] Mouse moved event
[2026-04-24:19:39:51][INFO] Mouse moved event
[2026-04-24:19:39:51][INFO] Mouse moved event
[2026-04-24:19:39:51][INFO] Mouse moved event
[2026-04-24:19:39:51][INFO] Mouse moved event
[2026-04-24:19:39:51][INFO] Mouse moved event
[2026-04-24:19:39:51][INFO] Mouse moved event
[2026-04-24:19:39:51][INFO] Mouse moved event
[2026-04-24:19:39:51][INFO] Mouse moved event
[2026-04-24:19:39:51][INFO] Mouse moved event
[2026-04-24:19:39:51][INFO] Mouse moved event
[2026-04-24:19:39:51][INFO] Mouse moved event
[2026-04-24:19:39:51][INFO] Mouse moved event
[2026-04-24:19:39:51][INFO] Mouse moved event
[2026-04-24:19:39:51][INFO] Mouse moved event
[2026-04-24:19:39:51][INFO] Mouse moved event
[2026-04-24:19:39:51][INFO] Mouse moved event
[2026-04-24:19:39:51][INFO] Mouse moved event
[2026-04-24:19:39:51][INFO] Mouse moved event
[2026-04-24:19:39:51][INFO] Mouse moved event
[2026-04-24:19:39:51][INFO] Mouse moved event
[2026-04-24:19:39:51][INFO] Mouse moved event
[2026-04-24:19:39:51][INFO] Mouse moved event
[2026-04-24:19:39:51][INFO] Mouse moved event
[2026-04-24:19:39:51][INFO] Mouse moved event
[2026-04-24:19:39:51][INFO] Mouse moved event
[2026-04-24:19:39:51][INFO] Mouse moved event
[2026-04-24:19:39:51][INFO] Mouse moved event
[2026-04-24:19:39:52][INFO] Mouse moved event
[2026-04-24:19:39:52][INFO] Mouse moved event
[2026-04-24:19:39:52][INFO] Mouse moved event
[2026-04-24:19:39:52][INFO] Mouse moved event
[2026-04-24:19:39:52][INFO] Mouse moved event
[2026-04-24:19:39:53][INFO] Closing window
[2026-04-24:19:39:53][INFO] LITEC engine is shutting down. Goodbye!

[2026-04-24:19:50:47][INFO] LITEC engine is starting. Welcome!

[2026-04-24:19:50:47][INFO] LITEC Engine created new window
[2026-04-24:19:50:49][INFO] Mouse moved event
[2026-04-24:19:50:49][INFO] Mouse moved event
[2026-04-24:19:50:49][INFO] Mouse moved event
[2026-04-24:19:50:49][INFO] Mouse moved event
[2026-04-24:19:50:49][INFO] Mouse moved event
[2026-04-24:19:50:49][INFO] Mouse moved event
[2026-04-24:19:50:49][INFO] Mouse moved event
[2026-04-24:19:50:49][INFO] Mouse moved event
[2026-04-24:19:50:49][INFO] Mouse moved event
[2026-04-24:19:50:49][INFO] Mouse moved event
[2026-04-24:19:50:49][INFO] Mouse moved event
[2026-04-24:19:50:49][INFO] Mouse moved event
[2026-04-24:19:50:49][INFO] Mouse moved event
[2026-04-24:19:50:49][INFO] Mouse moved event
[2026-04-24:19:50:49][INFO] Mouse moved event
[2026-04-24:19:50:49][INFO] Mouse moved event
[2026-04-24:19:50:49][INFO] Mouse moved event
[2026-04-24:19:50:49][INFO] Mouse moved event
[2026-04-24:19:50:49][INFO] Mouse moved event
[2026-04-24:19:50:49][INFO] Mouse moved event
[2026-04-24:19:50:49][INFO] Mouse moved event
[2026-04-24:19:50:49][INFO] Mouse moved event
[2026-04-24:19:50:49][INFO] Mouse moved event
[2026-04-24:19:50:49][INFO] Mouse moved event
[2026-04-24:19:50:49][INFO] Mouse moved event
[2026-04-24:19:50:49][INFO] Mouse moved event
[2026-04-24:19:50:49][INFO] Mouse moved event
[2026-04-24:19:50:49][INFO] Mouse moved event
[2026-04-24:19:50:49][INFO] Mouse moved event
[2026-04-24:19:50:49][INFO] Mouse moved event
[2026-04-24:19:50:49][INFO] Mouse moved event
[2026-04-24:19:50:49][INFO] Mouse moved event
[2026-04-24:19:50:49][INFO] Mouse moved event
[2026-04-24:19:50:49][INFO] Mouse moved event
[2026-04-24:19:50:49][INFO] Mouse moved event
[2026-04-24:19:50:49][INFO] Mouse moved event
[2026-04-24:19:50:49][INFO] Mouse moved event
[2026-04-24:19:50:49][INFO] Mouse moved event
[2026-04-24:19:50:49][INFO] Mouse moved event
[2026-04-24:19:50:49][INFO] Mouse moved event
[2026-04-24:19:50:49][INFO] Mouse moved event
[2026-04-24:19:50:49][INFO] Mouse moved event
[2026-04-24:19:50:49][INFO] Mouse moved event
[2026-04-24:19:50:49][INFO] Mouse moved event
[2026-04-24:19:50:49][INFO] Mouse moved event
[2026-04-24:19:50:49][INFO] Mouse moved event
[2026-04-24:19:50:49][INFO] Mouse moved event
[2026-04-24:19:50:49][INFO] Mouse moved event
[2026-04-24:19:50:50][INFO] Mouse moved event
[2026-04-24:19:50:50][INFO] Mouse moved event
[2026-04-24:19:50:50][INFO] Mouse moved event
[2026-04-24:19:50:50][INFO] Mouse moved event
[2026-04-24:19:50:50][INFO] Mouse moved event
[2026-04-24:19:50:50][INFO] Mouse moved event
[2026-04-24:19:50:50][INFO] Mouse moved event
[2026-04-24:19:50:50][INFO] Mouse moved event
[2026-04-24:19:50:50][INFO] Mouse moved event
[2026-04-24:19:50:50][INFO] Mouse moved event
[2026-04-24:19:50:50][INFO] Mouse moved event
[2026-04-24:19:50:50][INFO] Mouse moved event
[2026-04-24:19:50:50][INFO] Mouse moved event
[2026-04-24:19:50:50][INFO] Mouse moved event
[2026-04-24:19:50:50][INFO] Mouse moved event
[2026-04-24:19:50:50][INFO] Mouse moved event
[2026-04-24:19:50:50][INFO] Mouse moved event
[2026-04-24:19:50:50][INFO] Mouse moved event
[2026-04-24:19:50:50][INFO] Mouse moved event
[2026-04-24:19:50:50][INFO] Mouse moved event
[2026-04-24:19:50:50][INFO] Mouse moved event
[2026-04-24:19:50:50][INFO] Mouse moved event
[2026-04-24:19:50:50][INFO] Mouse moved event
[2026-04-24:19:50:50][INFO] Mouse moved event
[2026-04-24:19:50:50][INFO] Mouse moved event
[2026-04-24:19:50:50][INFO] Mouse moved event
[2026-04-24:19:50:50][INFO] Mouse moved event
[2026-04-24:19:50:54][INFO] Mouse button pressed event
[2026-04-24:19:50:54][INFO] Mouse button released event
[2026-04-24:19:51:00][INFO] Mouse button pressed event
[2026-04-24:19:51:00][INFO] Mouse button released event
[2026-04-24:19:51:03][INFO] Mouse button pressed event
[2026-04-24:19:51:04][INFO] Mouse button released event
[2026-04-24:19:51:06][INFO] Mouse button pressed event
[2026-04-24:19:51:06][INFO] Mouse button released event
[2026-04-24:19:51:08][INFO] Mouse button pressed event
[2026-04-24:19:51:08][INFO] Mouse button released event
[2026-04-24:19:51:11][INFO] Mouse scrolled event
[2026-04-24:19:51:11][INFO] Mouse scrolled event
[2026-04-24:19:51:11][INFO] Mouse scrolled event
[2026-04-24:19:51:11][INFO] Mouse scrolled event
[2026-04-24:19:51:11][INFO] Mouse scrolled event
[2026-04-24:19:51:11][INFO] Mouse scrolled event
[2026-04-24:19:51:11][INFO] Mouse scrolled event
[2026-04-24:19:51:11][INFO] Mouse scrolled event
[2026-04-24:19:51:11][INFO] Mouse scrolled event
[2026-04-24:19:51:11][INFO] Mouse scrolled event
[2026-04-24:19:51:11][INFO] Mouse scrolled event
[2026-04-24:19:51:11][INFO] Mouse scrolled event
[2026-04-24:19:51:11][INFO] Mouse scrolled event
[2026-04-24:19:51:11][INFO] Mouse scrolled event
[2026-04-24:19:51:12][INFO] Mouse scrolled event
[2026-04-24:19:51:12][INFO] Mouse scrolled event
[2026-04-24:19:51:12][INFO] Mouse scrolled event
[2026-04-24:19:51:12][INFO] Mouse scrolled event
[2026-04-24:19:51:12][INFO] Mouse scrolled event
[2026-04-24:19:51:12][INFO] Mouse scrolled event
[2026-04-24:19:51:12][INFO] Mouse scrolled event
[2026-04-24:19:51:12][INFO] Mouse scrolled event
[2026-04-24:19:51:12][INFO] Mouse scrolled event
[2026-04-24:19:51:12][INFO] Mouse scrolled event
[2026-04-24:19:51:12][INFO] Mouse scrolled event
[2026-04-24:19:51:12][INFO] Mouse scrolled event
[2026-04-24:19:51:12][INFO] Mouse scrolled event
[2026-04-24:19:51:12][INFO] Mouse scrolled event
[2026-04-24:19:51:12][INFO] Mouse scrolled event
[2026-04-24:19:51:19][INFO] Key pressed event
[2026-04-24:19:51:19][INFO] Key released event
[2026-04-24:19:51:21][INFO] Key pressed event
[2026-04-24:19:51:21][INFO] Key pressed event
[2026-04-24:19:51:21][INFO] Key pressed event
[2026-04-24:19:51:21][INFO] Key pressed event
[2026-04-24:19:51:21][INFO] Key pressed event
[2026-04-24:19:51:21][INFO] Key pressed event
[2026-04-24:19:51:21][INFO] Key pressed event
[2026-04-24:19:51:21][INFO] Key pressed event
[2026-04-24:19:51:21][INFO] Key pressed event
[2026-04-24:19:51:21][INFO] Key pressed event
[2026-04-24:19:51:21][INFO] Key pressed event
[2026-04-24:19:51:21][INFO] Key pressed event
[2026-04-24:19:51:21][INFO] Key pressed event
[2026-04-24:19:51:21][INFO] Key pressed event
[2026-04-24:19:51:21][INFO] Key pressed event
[2026-04-24:19:51:22][INFO] Key pressed event
[2026-04-24:19:51:22][INFO] Key pressed event
[2026-04-24:19:51:22][INFO] Key pressed event
[2026-04-24:19:51:22][INFO] Key pressed event
[2026-04-24:19:51:22][INFO] Key pressed event
[2026-04-24:19:51:22][INFO] Key pressed event
[2026-04-24:19:51:22][INFO] Key pressed event
[2026-04-24:19:51:22][INFO] Key pressed event
[2026-04-24:19:51:22][INFO] Key pressed event
[2026-04-24:19:51:22][INFO] Key pressed event
[2026-04-24:19:51:22][INFO] Key pressed event
[2026-04-24:19:51:22][INFO] Key pressed event
[2026-04-24:19:51:22][INFO] Key pressed event
[2026-04-24:19:51:22][INFO] Key pressed event
[2026-04-24:19:51:22][INFO] Key pressed event
[2026-04-24:19:51:22][INFO] Key pressed event
[2026-04-24:19:51:22][INFO] Key pressed event
[2026-04-24:19:51:22][INFO] Key pressed event
[2026-04-24:19:51:22][INFO] Key pressed event
[2026-04-24:19:51:22][INFO] Key pressed event
[2026-04-24:19:51:22][INFO] Key pressed event
[2026-04-24:19:51:22][INFO] Key pressed event
[2026-04-24:19:51:22][INFO] Key pressed event
[2026-04-24:19:51:22][INFO] Key pressed event
[2026-04-24:19:51:22][INFO] Key pressed event
[2026-04-24:19:51:22][INFO] Key pressed event
[2026-04-24:19:51:22][INFO] Key pressed event
[2026-04-24:19:51:22][INFO] Key pressed event
[2026-04-24:19:51:22][INFO] Key pressed event
[2026-04-24:19:51:22][INFO] Key pressed event
[2026-04-24:19:51:22][INFO] Key pressed event
[2026-04-24:19:51:22][INFO] Key pressed event
[2026-04-24:19:51:23][INFO] Key pressed event
[2026-04-24:19:51:23][INFO] Key pressed event
[2026-04-24:19:51:23][INFO] Key pressed event
[2026-04-24:19:51:23][INFO] Key pressed event
[2026-04-24:19:51:23][INFO] Key pressed event
[2026-04-24:19:51:23][INFO] Key pressed event
[2026-04-24:19:51:23][INFO] Key pressed event
[2026-04-24:19:51:23][INFO] Key pressed event
[2026-04-24:19:51:23][INFO] Key pressed event
[2026-04-24:19:51:23][INFO] Key pressed event
[2026-04-24:19:51:23][INFO] Key pressed event
[2026-04-24:19:51:23][INFO] Key pressed event
[2026-04-24:19:51:23][INFO] Key pressed event
[2026-04-24:19:51:23][INFO] Key pressed event
[2026-04-24:19:51:23][INFO] Key pressed event
[2026-04-24:19:51:23][INFO] Key pressed event
[2026-04-24:19:51:23][INFO] Key pressed event
[2026-04-24:19:51:23][INFO] Key pressed event
[2026-04-24:19:51:23][INFO] Key pressed event
[2026-04-24:19:51:23][INFO] Key pressed event
[2026-04-24:19:51:23][INFO] Key pressed event
[2026-04-24:19:51:23][INFO] Key pressed event
[2026-04-24:19:51:23][INFO] Key pressed event
[2026-04-24:19:51:23][INFO] Key pressed event
[2026-04-24:19:51:23][INFO] Key pressed event
[2026-04-24:19:51:23][INFO] Key pressed event
[2026-04-24:19:51:23][INFO] Key pressed event
[2026-04-24:19:51:23][INFO] Key pressed event
[2026-04-24:19:51:23][INFO] Key pressed event
[2026-04-24:19:51:23][INFO] Key pressed event
[2026-04-24:19:51:23][INFO] Key pressed event
[2026-04-24:19:51:23][INFO] Key pressed event
[2026-04-24:19:51:23][INFO] Key pressed event
[2026-04-24:19:51:24][INFO] Key pressed event
[2026-04-24:19:51:24][INFO] Key pressed event
[2026-04-24:19:51:24][INFO] Key pressed event
[2026-04-24:19:51:24][INFO] Key pressed event
[2026-04-24:19:51:24][INFO] Key pressed event
[2026-04-24:19:51:24][INFO] Key pressed event
[2026-04-24:19:51:24][INFO] Key pressed event
[2026-04-24:19:51:24][INFO] Key pressed event
[2026-04-24:19:51:24][INFO] Key pressed event
[2026-04-24:19:51:24][INFO] Key pressed event
[2026-04-24:19:51:24][INFO] Key pressed event
[2026-04-24:19:51:24][INFO] Key pressed event
[2026-04-24:19:51:24][INFO] Key pressed event
[2026-04-24:19:51:24][INFO] Key released event
[2026-04-24:19:51:35][INFO] Mouse moved event
[2026-04-24:19:51:35][INFO] Mouse moved event
[2026-04-24:19:51:35][INFO] Mouse moved event
[2026-04-24:19:51:35][INFO] Mouse moved event
[2026-04-24:19:51:35][INFO] Mouse moved event
[2026-04-24:19:51:35][INFO] Mouse moved event
[2026-04-24:19:51:35][INFO] Mouse moved event
[2026-04-24:19:51:35][INFO] Mouse moved event
[2026-04-24:19:51:35][INFO] Mouse moved event
[2026-04-24:19:51:35][INFO] Mouse moved event
[2026-04-24:19:51:35][INFO] Mouse moved event
[2026-04-24:19:51:35][INFO] Mouse moved event
[2026-04-24:19:51:35][INFO] Mouse moved event
[2026-04-24:19:51:35][INFO] Mouse moved event
[2026-04-24:19:51:35][INFO] Mouse moved event
[2026-04-24:19:51:35][INFO] Mouse moved event
[2026-04-24:19:51:35][INFO] Mouse moved event
[2026-04-24:19:51:35][INFO] Mouse moved event
[2026-04-24:19:51:35][INFO] Mouse moved event
[2026-04-24:19:51:36][INFO] Mouse moved event
[2026-04-24:19:51:36][INFO] Mouse moved event
[2026-04-24:19:51:36][INFO] Mouse moved event
[2026-04-24:19:51:36][INFO] Mouse moved event
[2026-04-24:19:51:36][INFO] Mouse moved event
[2026-04-24:19:51:36][INFO] Mouse moved event
[2026-04-24:19:51:36][INFO] Mouse moved event
[2026-04-24:19:51:36][INFO] Mouse moved event
[2026-04-24:19:51:36][INFO] Mouse moved event
[2026-04-24:19:51:37][INFO] Closing window
[2026-04-24:19:51:37][INFO] LITEC engine is shutting down. Goodbye!

